This is pdfTeX, Version 3.14159265-2.6-1.40.20 (MiKTeX 2.9.7000 64-bit) (preloaded format=pdflatex 2019.4.1)  14 MAY 2019 12:06
entering extended mode
**./apresentaco.tex
(apresentaco.tex
LaTeX2e <2018-12-01>

("C:\Users\Roberto Rolo\AppData\Local\Programs\MiKTeX 2.9\tex/latex/beamer\beam
er.cls"
Document Class: beamer 2018/12/02 v3.55 A class for typesetting presentations

("C:\Users\Roberto Rolo\AppData\Local\Programs\MiKTeX 2.9\tex/latex/beamer\beam
erbasemodes.sty"
("C:\Users\Roberto Rolo\AppData\Local\Programs\MiKTeX 2.9\tex/latex/etoolbox\et
oolbox.sty"
Package: etoolbox 2018/08/19 v2.5f e-TeX tools for LaTeX (JAW)
\etb@tempcnta=\count80
)
\beamer@tempbox=\box27
\beamer@tempcount=\count81
\c@beamerpauses=\count82

("C:\Users\Roberto Rolo\AppData\Local\Programs\MiKTeX 2.9\tex/latex/beamer\beam
erbasedecode.sty"
\beamer@slideinframe=\count83
\beamer@minimum=\count84
)
\beamer@commentbox=\box28
\beamer@modecount=\count85
)
("C:\Users\Roberto Rolo\AppData\Local\Programs\MiKTeX 2.9\tex/generic/oberdiek\
ifpdf.sty"
Package: ifpdf 2018/09/07 v3.3 Provides the ifpdf switch
)
\headdp=\dimen102
\footheight=\dimen103
\sidebarheight=\dimen104
\beamer@tempdim=\dimen105
\beamer@finalheight=\dimen106
\beamer@animht=\dimen107
\beamer@animdp=\dimen108
\beamer@animwd=\dimen109
\beamer@leftmargin=\dimen110
\beamer@rightmargin=\dimen111
\beamer@leftsidebar=\dimen112
\beamer@rightsidebar=\dimen113
\beamer@boxsize=\dimen114
\beamer@vboxoffset=\dimen115
\beamer@descdefault=\dimen116
\beamer@descriptionwidth=\dimen117
\beamer@lastskip=\skip41
\beamer@areabox=\box29
\beamer@animcurrent=\box30
\beamer@animshowbox=\box31
\beamer@sectionbox=\box32
\beamer@logobox=\box33
\beamer@linebox=\box34
\beamer@sectioncount=\count86
\beamer@subsubsectionmax=\count87
\beamer@subsectionmax=\count88
\beamer@sectionmax=\count89
\beamer@totalheads=\count90
\beamer@headcounter=\count91
\beamer@partstartpage=\count92
\beamer@sectionstartpage=\count93
\beamer@subsectionstartpage=\count94
\beamer@animationtempa=\count95
\beamer@animationtempb=\count96
\beamer@xpos=\count97
\beamer@ypos=\count98
\beamer@ypos@offset=\count99
\beamer@showpartnumber=\count100
\beamer@currentsubsection=\count101
\beamer@coveringdepth=\count102
\beamer@sectionadjust=\count103
\beamer@tocsectionnumber=\count104

("C:\Users\Roberto Rolo\AppData\Local\Programs\MiKTeX 2.9\tex/latex/beamer\beam
erbaseoptions.sty"
("C:\Users\Roberto Rolo\AppData\Local\Programs\MiKTeX 2.9\tex/latex/graphics\ke
yval.sty"
Package: keyval 2014/10/28 v1.15 key=value parser (DPC)
\KV@toks@=\toks14
))
\beamer@paperwidth=\skip42
\beamer@paperheight=\skip43

("C:\Users\Roberto Rolo\AppData\Local\Programs\MiKTeX 2.9\tex/latex/geometry\ge
ometry.sty"
Package: geometry 2018/04/16 v5.8 Page Geometry

("C:\Users\Roberto Rolo\AppData\Local\Programs\MiKTeX 2.9\tex/generic/oberdiek\
ifvtex.sty"
Package: ifvtex 2016/05/16 v1.6 Detect VTeX and its facilities (HO)
Package ifvtex Info: VTeX not detected.
)
("C:\Users\Roberto Rolo\AppData\Local\Programs\MiKTeX 2.9\tex/generic/ifxetex\i
fxetex.sty"
Package: ifxetex 2010/09/12 v0.6 Provides ifxetex conditional
)
\Gm@cnth=\count105
\Gm@cntv=\count106
\c@Gm@tempcnt=\count107
\Gm@bindingoffset=\dimen118
\Gm@wd@mp=\dimen119
\Gm@odd@mp=\dimen120
\Gm@even@mp=\dimen121
\Gm@layoutwidth=\dimen122
\Gm@layoutheight=\dimen123
\Gm@layouthoffset=\dimen124
\Gm@layoutvoffset=\dimen125
\Gm@dimlist=\toks15

("C:\Users\Roberto Rolo\AppData\Local\Programs\MiKTeX 2.9\tex/latex/geometry\ge
ometry.cfg"))
("C:\Users\Roberto Rolo\AppData\Local\Programs\MiKTeX 2.9\tex/latex/base\size11
.clo"
File: size11.clo 2018/09/03 v1.4i Standard LaTeX file (size option)
)
("C:\Users\Roberto Rolo\AppData\Local\Programs\MiKTeX 2.9\tex/latex/pgf/basicla
yer\pgfcore.sty"
("C:\Users\Roberto Rolo\AppData\Local\Programs\MiKTeX 2.9\tex/latex/graphics\gr
aphicx.sty"
Package: graphicx 2017/06/01 v1.1a Enhanced LaTeX Graphics (DPC,SPQR)

("C:\Users\Roberto Rolo\AppData\Local\Programs\MiKTeX 2.9\tex/latex/graphics\gr
aphics.sty"
Package: graphics 2017/06/25 v1.2c Standard LaTeX Graphics (DPC,SPQR)

("C:\Users\Roberto Rolo\AppData\Local\Programs\MiKTeX 2.9\tex/latex/graphics\tr
ig.sty"
Package: trig 2016/01/03 v1.10 sin cos tan (DPC)
)
("C:\Users\Roberto Rolo\AppData\Local\Programs\MiKTeX 2.9\tex/latex/graphics-cf
g\graphics.cfg"
File: graphics.cfg 2016/06/04 v1.11 sample graphics configuration
)
Package graphics Info: Driver file: pdftex.def on input line 99.

("C:\Users\Roberto Rolo\AppData\Local\Programs\MiKTeX 2.9\tex/latex/graphics-de
f\pdftex.def"
File: pdftex.def 2018/01/08 v1.0l Graphics/color driver for pdftex
))
\Gin@req@height=\dimen126
\Gin@req@width=\dimen127
)
("C:\Users\Roberto Rolo\AppData\Local\Programs\MiKTeX 2.9\tex/latex/pgf/systeml
ayer\pgfsys.sty"
("C:\Users\Roberto Rolo\AppData\Local\Programs\MiKTeX 2.9\tex/latex/pgf/utiliti
es\pgfrcs.sty"
("C:\Users\Roberto Rolo\AppData\Local\Programs\MiKTeX 2.9\tex/generic/pgf/utili
ties\pgfutil-common.tex"
\pgfutil@everybye=\toks16
\pgfutil@tempdima=\dimen128
\pgfutil@tempdimb=\dimen129

("C:\Users\Roberto Rolo\AppData\Local\Programs\MiKTeX 2.9\tex/generic/pgf/utili
ties\pgfutil-common-lists.tex"))
("C:\Users\Roberto Rolo\AppData\Local\Programs\MiKTeX 2.9\tex/generic/pgf/utili
ties\pgfutil-latex.def"
\pgfutil@abb=\box35

("C:\Users\Roberto Rolo\AppData\Local\Programs\MiKTeX 2.9\tex/latex/ms\everyshi
.sty"
Package: everyshi 2001/05/15 v3.00 EveryShipout Package (MS)
))
("C:\Users\Roberto Rolo\AppData\Local\Programs\MiKTeX 2.9\tex/generic/pgf/utili
ties\pgfrcs.code.tex"
("C:\Users\Roberto Rolo\AppData\Local\Programs\MiKTeX 2.9\tex/generic/pgf\pgf.r
evision.tex")
Package: pgfrcs 2019/04/04 v3.1.2 (3.1.2)
))
("C:\Users\Roberto Rolo\AppData\Local\Programs\MiKTeX 2.9\tex/generic/pgf/syste
mlayer\pgfsys.code.tex"
Package: pgfsys 2019/04/04 v3.1.2 (3.1.2)

("C:\Users\Roberto Rolo\AppData\Local\Programs\MiKTeX 2.9\tex/generic/pgf/utili
ties\pgfkeys.code.tex"
\pgfkeys@pathtoks=\toks17
\pgfkeys@temptoks=\toks18

("C:\Users\Roberto Rolo\AppData\Local\Programs\MiKTeX 2.9\tex/generic/pgf/utili
ties\pgfkeysfiltered.code.tex"
\pgfkeys@tmptoks=\toks19
))
\pgf@x=\dimen130
\pgf@y=\dimen131
\pgf@xa=\dimen132
\pgf@ya=\dimen133
\pgf@xb=\dimen134
\pgf@yb=\dimen135
\pgf@xc=\dimen136
\pgf@yc=\dimen137
\w@pgf@writea=\write3
\r@pgf@reada=\read1
\c@pgf@counta=\count108
\c@pgf@countb=\count109
\c@pgf@countc=\count110
\c@pgf@countd=\count111
\t@pgf@toka=\toks20
\t@pgf@tokb=\toks21
\t@pgf@tokc=\toks22
\pgf@sys@id@count=\count112

("C:\Users\Roberto Rolo\AppData\Local\Programs\MiKTeX 2.9\tex/generic/pgf/syste
mlayer\pgf.cfg"
File: pgf.cfg 2019/04/04 v3.1.2 (3.1.2)
)
Driver file for pgf: pgfsys-pdftex.def

("C:\Users\Roberto Rolo\AppData\Local\Programs\MiKTeX 2.9\tex/generic/pgf/syste
mlayer\pgfsys-pdftex.def"
File: pgfsys-pdftex.def 2019/04/04 v3.1.2 (3.1.2)

("C:\Users\Roberto Rolo\AppData\Local\Programs\MiKTeX 2.9\tex/generic/pgf/syste
mlayer\pgfsys-common-pdf.def"
File: pgfsys-common-pdf.def 2019/04/04 v3.1.2 (3.1.2)
)))
("C:\Users\Roberto Rolo\AppData\Local\Programs\MiKTeX 2.9\tex/generic/pgf/syste
mlayer\pgfsyssoftpath.code.tex"
File: pgfsyssoftpath.code.tex 2019/04/04 v3.1.2 (3.1.2)
\pgfsyssoftpath@smallbuffer@items=\count113
\pgfsyssoftpath@bigbuffer@items=\count114
)
("C:\Users\Roberto Rolo\AppData\Local\Programs\MiKTeX 2.9\tex/generic/pgf/syste
mlayer\pgfsysprotocol.code.tex"
File: pgfsysprotocol.code.tex 2019/04/04 v3.1.2 (3.1.2)
))
("C:\Users\Roberto Rolo\AppData\Local\Programs\MiKTeX 2.9\tex/latex/xcolor\xcol
or.sty"
Package: xcolor 2016/05/11 v2.12 LaTeX color extensions (UK)

("C:\Users\Roberto Rolo\AppData\Local\Programs\MiKTeX 2.9\tex/latex/graphics-cf
g\color.cfg"
File: color.cfg 2016/01/02 v1.6 sample color configuration
)
Package xcolor Info: Driver file: pdftex.def on input line 225.
Package xcolor Info: Model `cmy' substituted by `cmy0' on input line 1348.
Package xcolor Info: Model `hsb' substituted by `rgb' on input line 1352.
Package xcolor Info: Model `RGB' extended on input line 1364.
Package xcolor Info: Model `HTML' substituted by `rgb' on input line 1366.
Package xcolor Info: Model `Hsb' substituted by `hsb' on input line 1367.
Package xcolor Info: Model `tHsb' substituted by `hsb' on input line 1368.
Package xcolor Info: Model `HSB' substituted by `hsb' on input line 1369.
Package xcolor Info: Model `Gray' substituted by `gray' on input line 1370.
Package xcolor Info: Model `wave' substituted by `hsb' on input line 1371.
)
("C:\Users\Roberto Rolo\AppData\Local\Programs\MiKTeX 2.9\tex/generic/pgf/basic
layer\pgfcore.code.tex"
Package: pgfcore 2019/04/04 v3.1.2 (3.1.2)

("C:\Users\Roberto Rolo\AppData\Local\Programs\MiKTeX 2.9\tex/generic/pgf/math\
pgfmath.code.tex"
("C:\Users\Roberto Rolo\AppData\Local\Programs\MiKTeX 2.9\tex/generic/pgf/math\
pgfmathcalc.code.tex"
("C:\Users\Roberto Rolo\AppData\Local\Programs\MiKTeX 2.9\tex/generic/pgf/math\
pgfmathutil.code.tex")
("C:\Users\Roberto Rolo\AppData\Local\Programs\MiKTeX 2.9\tex/generic/pgf/math\
pgfmathparser.code.tex"
\pgfmath@dimen=\dimen138
\pgfmath@count=\count115
\pgfmath@box=\box36
\pgfmath@toks=\toks23
\pgfmath@stack@operand=\toks24
\pgfmath@stack@operation=\toks25
)
("C:\Users\Roberto Rolo\AppData\Local\Programs\MiKTeX 2.9\tex/generic/pgf/math\
pgfmathfunctions.code.tex"
("C:\Users\Roberto Rolo\AppData\Local\Programs\MiKTeX 2.9\tex/generic/pgf/math\
pgfmathfunctions.basic.code.tex")
("C:\Users\Roberto Rolo\AppData\Local\Programs\MiKTeX 2.9\tex/generic/pgf/math\
pgfmathfunctions.trigonometric.code.tex")
("C:\Users\Roberto Rolo\AppData\Local\Programs\MiKTeX 2.9\tex/generic/pgf/math\
pgfmathfunctions.random.code.tex")
("C:\Users\Roberto Rolo\AppData\Local\Programs\MiKTeX 2.9\tex/generic/pgf/math\
pgfmathfunctions.comparison.code.tex")
("C:\Users\Roberto Rolo\AppData\Local\Programs\MiKTeX 2.9\tex/generic/pgf/math\
pgfmathfunctions.base.code.tex")
("C:\Users\Roberto Rolo\AppData\Local\Programs\MiKTeX 2.9\tex/generic/pgf/math\
pgfmathfunctions.round.code.tex")
("C:\Users\Roberto Rolo\AppData\Local\Programs\MiKTeX 2.9\tex/generic/pgf/math\
pgfmathfunctions.misc.code.tex")
("C:\Users\Roberto Rolo\AppData\Local\Programs\MiKTeX 2.9\tex/generic/pgf/math\
pgfmathfunctions.integerarithmetics.code.tex")))
("C:\Users\Roberto Rolo\AppData\Local\Programs\MiKTeX 2.9\tex/generic/pgf/math\
pgfmathfloat.code.tex"
\c@pgfmathroundto@lastzeros=\count116
))
("C:\Users\Roberto Rolo\AppData\Local\Programs\MiKTeX 2.9\tex/generic/pgf/basic
layer\pgfcorepoints.code.tex"
File: pgfcorepoints.code.tex 2019/04/04 v3.1.2 (3.1.2)
\pgf@picminx=\dimen139
\pgf@picmaxx=\dimen140
\pgf@picminy=\dimen141
\pgf@picmaxy=\dimen142
\pgf@pathminx=\dimen143
\pgf@pathmaxx=\dimen144
\pgf@pathminy=\dimen145
\pgf@pathmaxy=\dimen146
\pgf@xx=\dimen147
\pgf@xy=\dimen148
\pgf@yx=\dimen149
\pgf@yy=\dimen150
\pgf@zx=\dimen151
\pgf@zy=\dimen152
)
("C:\Users\Roberto Rolo\AppData\Local\Programs\MiKTeX 2.9\tex/generic/pgf/basic
layer\pgfcorepathconstruct.code.tex"
File: pgfcorepathconstruct.code.tex 2019/04/04 v3.1.2 (3.1.2)
\pgf@path@lastx=\dimen153
\pgf@path@lasty=\dimen154
)
("C:\Users\Roberto Rolo\AppData\Local\Programs\MiKTeX 2.9\tex/generic/pgf/basic
layer\pgfcorepathusage.code.tex"
File: pgfcorepathusage.code.tex 2019/04/04 v3.1.2 (3.1.2)
\pgf@shorten@end@additional=\dimen155
\pgf@shorten@start@additional=\dimen156
)
("C:\Users\Roberto Rolo\AppData\Local\Programs\MiKTeX 2.9\tex/generic/pgf/basic
layer\pgfcorescopes.code.tex"
File: pgfcorescopes.code.tex 2019/04/04 v3.1.2 (3.1.2)
\pgfpic=\box37
\pgf@hbox=\box38
\pgf@layerbox@main=\box39
\pgf@picture@serial@count=\count117
)
("C:\Users\Roberto Rolo\AppData\Local\Programs\MiKTeX 2.9\tex/generic/pgf/basic
layer\pgfcoregraphicstate.code.tex"
File: pgfcoregraphicstate.code.tex 2019/04/04 v3.1.2 (3.1.2)
\pgflinewidth=\dimen157
)
("C:\Users\Roberto Rolo\AppData\Local\Programs\MiKTeX 2.9\tex/generic/pgf/basic
layer\pgfcoretransformations.code.tex"
File: pgfcoretransformations.code.tex 2019/04/04 v3.1.2 (3.1.2)
\pgf@pt@x=\dimen158
\pgf@pt@y=\dimen159
\pgf@pt@temp=\dimen160
)
("C:\Users\Roberto Rolo\AppData\Local\Programs\MiKTeX 2.9\tex/generic/pgf/basic
layer\pgfcorequick.code.tex"
File: pgfcorequick.code.tex 2019/04/04 v3.1.2 (3.1.2)
)
("C:\Users\Roberto Rolo\AppData\Local\Programs\MiKTeX 2.9\tex/generic/pgf/basic
layer\pgfcoreobjects.code.tex"
File: pgfcoreobjects.code.tex 2019/04/04 v3.1.2 (3.1.2)
)
("C:\Users\Roberto Rolo\AppData\Local\Programs\MiKTeX 2.9\tex/generic/pgf/basic
layer\pgfcorepathprocessing.code.tex"
File: pgfcorepathprocessing.code.tex 2019/04/04 v3.1.2 (3.1.2)
)
("C:\Users\Roberto Rolo\AppData\Local\Programs\MiKTeX 2.9\tex/generic/pgf/basic
layer\pgfcorearrows.code.tex"
File: pgfcorearrows.code.tex 2019/04/04 v3.1.2 (3.1.2)
\pgfarrowsep=\dimen161
)
("C:\Users\Roberto Rolo\AppData\Local\Programs\MiKTeX 2.9\tex/generic/pgf/basic
layer\pgfcoreshade.code.tex"
File: pgfcoreshade.code.tex 2019/04/04 v3.1.2 (3.1.2)
\pgf@max=\dimen162
\pgf@sys@shading@range@num=\count118
\pgf@shadingcount=\count119
)
("C:\Users\Roberto Rolo\AppData\Local\Programs\MiKTeX 2.9\tex/generic/pgf/basic
layer\pgfcoreimage.code.tex"
File: pgfcoreimage.code.tex 2019/04/04 v3.1.2 (3.1.2)

("C:\Users\Roberto Rolo\AppData\Local\Programs\MiKTeX 2.9\tex/generic/pgf/basic
layer\pgfcoreexternal.code.tex"
File: pgfcoreexternal.code.tex 2019/04/04 v3.1.2 (3.1.2)
\pgfexternal@startupbox=\box40
))
("C:\Users\Roberto Rolo\AppData\Local\Programs\MiKTeX 2.9\tex/generic/pgf/basic
layer\pgfcorelayers.code.tex"
File: pgfcorelayers.code.tex 2019/04/04 v3.1.2 (3.1.2)
)
("C:\Users\Roberto Rolo\AppData\Local\Programs\MiKTeX 2.9\tex/generic/pgf/basic
layer\pgfcoretransparency.code.tex"
File: pgfcoretransparency.code.tex 2019/04/04 v3.1.2 (3.1.2)
)
("C:\Users\Roberto Rolo\AppData\Local\Programs\MiKTeX 2.9\tex/generic/pgf/basic
layer\pgfcorepatterns.code.tex"
File: pgfcorepatterns.code.tex 2019/04/04 v3.1.2 (3.1.2)
)
("C:\Users\Roberto Rolo\AppData\Local\Programs\MiKTeX 2.9\tex/generic/pgf/basic
layer\pgfcorerdf.code.tex"
File: pgfcorerdf.code.tex 2019/04/04 v3.1.2 (3.1.2)
)))
("C:\Users\Roberto Rolo\AppData\Local\Programs\MiKTeX 2.9\tex/latex/pgf/utiliti
es\xxcolor.sty"
Package: xxcolor 2003/10/24 ver 0.1
\XC@nummixins=\count120
\XC@countmixins=\count121
)
("C:\Users\Roberto Rolo\AppData\Local\Programs\MiKTeX 2.9\tex/generic/oberdiek\
atbegshi.sty"
Package: atbegshi 2016/06/09 v1.18 At begin shipout hook (HO)

("C:\Users\Roberto Rolo\AppData\Local\Programs\MiKTeX 2.9\tex/generic/oberdiek\
infwarerr.sty"
Package: infwarerr 2016/05/16 v1.4 Providing info/warning/error messages (HO)
)
("C:\Users\Roberto Rolo\AppData\Local\Programs\MiKTeX 2.9\tex/generic/oberdiek\
ltxcmds.sty"
Package: ltxcmds 2016/05/16 v1.23 LaTeX kernel commands for general use (HO)
))
("C:\Users\Roberto Rolo\AppData\Local\Programs\MiKTeX 2.9\tex/latex/hyperref\hy
perref.sty"
Package: hyperref 2018/11/30 v6.88e Hypertext links for LaTeX

("C:\Users\Roberto Rolo\AppData\Local\Programs\MiKTeX 2.9\tex/generic/oberdiek\
hobsub-hyperref.sty"
Package: hobsub-hyperref 2016/05/16 v1.14 Bundle oberdiek, subset hyperref (HO)


("C:\Users\Roberto Rolo\AppData\Local\Programs\MiKTeX 2.9\tex/generic/oberdiek\
hobsub-generic.sty"
Package: hobsub-generic 2016/05/16 v1.14 Bundle oberdiek, subset generic (HO)
Package: hobsub 2016/05/16 v1.14 Construct package bundles (HO)
Package hobsub Info: Skipping package `infwarerr' (already loaded).
Package hobsub Info: Skipping package `ltxcmds' (already loaded).
Package: ifluatex 2016/05/16 v1.4 Provides the ifluatex switch (HO)
Package ifluatex Info: LuaTeX not detected.
Package hobsub Info: Skipping package `ifvtex' (already loaded).
Package: intcalc 2016/05/16 v1.2 Expandable calculations with integers (HO)
Package hobsub Info: Skipping package `ifpdf' (already loaded).
Package: etexcmds 2016/05/16 v1.6 Avoid name clashes with e-TeX commands (HO)
Package: kvsetkeys 2016/05/16 v1.17 Key value parser (HO)
Package: kvdefinekeys 2016/05/16 v1.4 Define keys (HO)
Package: pdftexcmds 2018/09/10 v0.29 Utility functions of pdfTeX for LuaTeX (HO
)
Package pdftexcmds Info: LuaTeX not detected.
Package pdftexcmds Info: \pdf@primitive is available.
Package pdftexcmds Info: \pdf@ifprimitive is available.
Package pdftexcmds Info: \pdfdraftmode found.
Package: pdfescape 2016/05/16 v1.14 Implements pdfTeX's escape features (HO)
Package: bigintcalc 2016/05/16 v1.4 Expandable calculations on big integers (HO
)
Package: bitset 2016/05/16 v1.2 Handle bit-vector datatype (HO)
Package: uniquecounter 2016/05/16 v1.3 Provide unlimited unique counter (HO)
)
Package hobsub Info: Skipping package `hobsub' (already loaded).
Package: letltxmacro 2016/05/16 v1.5 Let assignment for LaTeX macros (HO)
Package: hopatch 2016/05/16 v1.3 Wrapper for package hooks (HO)
Package: xcolor-patch 2016/05/16 xcolor patch
Package: atveryend 2016/05/16 v1.9 Hooks at the very end of document (HO)
Package hobsub Info: Skipping package `atbegshi' (already loaded).
Package: refcount 2016/05/16 v3.5 Data extraction from label references (HO)
Package: hycolor 2016/05/16 v1.8 Color options for hyperref/bookmark (HO)
)
("C:\Users\Roberto Rolo\AppData\Local\Programs\MiKTeX 2.9\tex/latex/oberdiek\au
xhook.sty"
Package: auxhook 2016/05/16 v1.4 Hooks for auxiliary files (HO)
)
("C:\Users\Roberto Rolo\AppData\Local\Programs\MiKTeX 2.9\tex/latex/oberdiek\kv
options.sty"
Package: kvoptions 2016/05/16 v3.12 Key value format for package options (HO)
)
\@linkdim=\dimen163
\Hy@linkcounter=\count122
\Hy@pagecounter=\count123

("C:\Users\Roberto Rolo\AppData\Local\Programs\MiKTeX 2.9\tex/latex/hyperref\pd
1enc.def"
File: pd1enc.def 2018/11/30 v6.88e Hyperref: PDFDocEncoding definition (HO)
Now handling font encoding PD1 ...
... no UTF-8 mapping file for font encoding PD1
)
\Hy@SavedSpaceFactor=\count124

("C:\Users\Roberto Rolo\AppData\Local\Programs\MiKTeX 2.9\tex/latex/00miktex\hy
perref.cfg"
File: hyperref.cfg 2002/06/06 v1.2 hyperref configuration of TeXLive
)
Package hyperref Info: Option `bookmarks' set `true' on input line 4393.
Package hyperref Info: Option `bookmarksopen' set `true' on input line 4393.
Package hyperref Info: Option `implicit' set `false' on input line 4393.
Package hyperref Info: Hyper figures OFF on input line 4519.
Package hyperref Info: Link nesting OFF on input line 4524.
Package hyperref Info: Hyper index ON on input line 4527.
Package hyperref Info: Plain pages OFF on input line 4534.
Package hyperref Info: Backreferencing OFF on input line 4539.
Package hyperref Info: Implicit mode OFF; no redefinition of LaTeX internals.
Package hyperref Info: Bookmarks ON on input line 4772.
\c@Hy@tempcnt=\count125

("C:\Users\Roberto Rolo\AppData\Local\Programs\MiKTeX 2.9\tex/latex/url\url.sty
"
\Urlmuskip=\muskip10
Package: url 2013/09/16  ver 3.4  Verb mode for urls, etc.
)
LaTeX Info: Redefining \url on input line 5125.
\XeTeXLinkMargin=\dimen164
\Fld@menulength=\count126
\Field@Width=\dimen165
\Fld@charsize=\dimen166
Package hyperref Info: Hyper figures OFF on input line 6380.
Package hyperref Info: Link nesting OFF on input line 6385.
Package hyperref Info: Hyper index ON on input line 6388.
Package hyperref Info: backreferencing OFF on input line 6395.
Package hyperref Info: Link coloring OFF on input line 6400.
Package hyperref Info: Link coloring with OCG OFF on input line 6405.
Package hyperref Info: PDF/A mode OFF on input line 6410.
LaTeX Info: Redefining \ref on input line 6450.
LaTeX Info: Redefining \pageref on input line 6454.
\Hy@abspage=\count127


Package hyperref Message: Stopped early.

)
Package hyperref Info: Driver (autodetected): hpdftex.

("C:\Users\Roberto Rolo\AppData\Local\Programs\MiKTeX 2.9\tex/latex/hyperref\hp
dftex.def"
File: hpdftex.def 2018/11/30 v6.88e Hyperref driver for pdfTeX
\Fld@listcount=\count128
\c@bookmark@seq@number=\count129

("C:\Users\Roberto Rolo\AppData\Local\Programs\MiKTeX 2.9\tex/latex/oberdiek\re
runfilecheck.sty"
Package: rerunfilecheck 2016/05/16 v1.8 Rerun checks for auxiliary files (HO)
Package uniquecounter Info: New unique counter `rerunfilecheck' on input line 2
82.
))
("C:\Users\Roberto Rolo\AppData\Local\Programs\MiKTeX 2.9\tex/latex/beamer\beam
erbaserequires.sty"
("C:\Users\Roberto Rolo\AppData\Local\Programs\MiKTeX 2.9\tex/latex/beamer\beam
erbasecompatibility.sty")
("C:\Users\Roberto Rolo\AppData\Local\Programs\MiKTeX 2.9\tex/latex/beamer\beam
erbasefont.sty"
("C:\Users\Roberto Rolo\AppData\Local\Programs\MiKTeX 2.9\tex/latex/amsfonts\am
ssymb.sty"
Package: amssymb 2013/01/14 v3.01 AMS font symbols

("C:\Users\Roberto Rolo\AppData\Local\Programs\MiKTeX 2.9\tex/latex/amsfonts\am
sfonts.sty"
Package: amsfonts 2013/01/14 v3.01 Basic AMSFonts support
\@emptytoks=\toks26
\symAMSa=\mathgroup4
\symAMSb=\mathgroup5
LaTeX Font Info:    Overwriting math alphabet `\mathfrak' in version `bold'
(Font)                  U/euf/m/n --> U/euf/b/n on input line 106.
))
("C:\Users\Roberto Rolo\AppData\Local\Programs\MiKTeX 2.9\tex/latex/sansmathacc
ent\sansmathaccent.sty"
Package: sansmathaccent 2013/03/28

("C:\Users\Roberto Rolo\AppData\Local\Programs\MiKTeX 2.9\tex/latex/filehook\fi
lehook.sty"
Package: filehook 2011/10/12 v0.5d Hooks for input files
)))
("C:\Users\Roberto Rolo\AppData\Local\Programs\MiKTeX 2.9\tex/latex/beamer\beam
erbasetranslator.sty"
("C:\Users\Roberto Rolo\AppData\Local\Programs\MiKTeX 2.9\tex/latex/translator\
translator.sty"
Package: translator 2018/01/04 v1.12 Easy translation of strings in LaTeX
))
("C:\Users\Roberto Rolo\AppData\Local\Programs\MiKTeX 2.9\tex/latex/beamer\beam
erbasemisc.sty")
("C:\Users\Roberto Rolo\AppData\Local\Programs\MiKTeX 2.9\tex/latex/beamer\beam
erbasetwoscreens.sty")
("C:\Users\Roberto Rolo\AppData\Local\Programs\MiKTeX 2.9\tex/latex/beamer\beam
erbaseoverlay.sty"
\beamer@argscount=\count130
\beamer@lastskipcover=\skip44
\beamer@trivlistdepth=\count131
)
("C:\Users\Roberto Rolo\AppData\Local\Programs\MiKTeX 2.9\tex/latex/beamer\beam
erbasetitle.sty")
("C:\Users\Roberto Rolo\AppData\Local\Programs\MiKTeX 2.9\tex/latex/beamer\beam
erbasesection.sty"
\c@lecture=\count132
\c@part=\count133
\c@section=\count134
\c@subsection=\count135
\c@subsubsection=\count136
)
("C:\Users\Roberto Rolo\AppData\Local\Programs\MiKTeX 2.9\tex/latex/beamer\beam
erbaseframe.sty"
\beamer@framebox=\box41
\beamer@frametitlebox=\box42
\beamer@zoombox=\box43
\beamer@zoomcount=\count137
\beamer@zoomframecount=\count138
\beamer@frametextheight=\dimen167
\c@subsectionslide=\count139
\beamer@frametopskip=\skip45
\beamer@framebottomskip=\skip46
\beamer@frametopskipautobreak=\skip47
\beamer@framebottomskipautobreak=\skip48
\beamer@envbody=\toks27
\framewidth=\dimen168
\c@framenumber=\count140
)
("C:\Users\Roberto Rolo\AppData\Local\Programs\MiKTeX 2.9\tex/latex/beamer\beam
erbaseverbatim.sty"
\beamer@verbatimfileout=\write4
)
("C:\Users\Roberto Rolo\AppData\Local\Programs\MiKTeX 2.9\tex/latex/beamer\beam
erbaseframesize.sty"
\beamer@splitbox=\box44
\beamer@autobreakcount=\count141
\beamer@autobreaklastheight=\dimen169
\beamer@frametitletoks=\toks28
\beamer@framesubtitletoks=\toks29
)
("C:\Users\Roberto Rolo\AppData\Local\Programs\MiKTeX 2.9\tex/latex/beamer\beam
erbaseframecomponents.sty"
\beamer@footins=\box45
)
("C:\Users\Roberto Rolo\AppData\Local\Programs\MiKTeX 2.9\tex/latex/beamer\beam
erbasecolor.sty")
("C:\Users\Roberto Rolo\AppData\Local\Programs\MiKTeX 2.9\tex/latex/beamer\beam
erbasenotes.sty"
\beamer@frameboxcopy=\box46
)
("C:\Users\Roberto Rolo\AppData\Local\Programs\MiKTeX 2.9\tex/latex/beamer\beam
erbasetoc.sty")
("C:\Users\Roberto Rolo\AppData\Local\Programs\MiKTeX 2.9\tex/latex/beamer\beam
erbasetemplates.sty"
\beamer@sbttoks=\toks30

("C:\Users\Roberto Rolo\AppData\Local\Programs\MiKTeX 2.9\tex/latex/beamer\beam
erbaseauxtemplates.sty"
("C:\Users\Roberto Rolo\AppData\Local\Programs\MiKTeX 2.9\tex/latex/beamer\beam
erbaseboxes.sty"
\bmb@box=\box47
\bmb@colorbox=\box48
\bmb@boxshadow=\box49
\bmb@boxshadowball=\box50
\bmb@boxshadowballlarge=\box51
\bmb@temp=\dimen170
\bmb@dima=\dimen171
\bmb@dimb=\dimen172
\bmb@prevheight=\dimen173
)
\beamer@blockheadheight=\dimen174
))
("C:\Users\Roberto Rolo\AppData\Local\Programs\MiKTeX 2.9\tex/latex/beamer\beam
erbaselocalstructure.sty"
("C:\Users\Roberto Rolo\AppData\Local\Programs\MiKTeX 2.9\tex/latex/tools\enume
rate.sty"
Package: enumerate 2015/07/23 v3.00 enumerate extensions (DPC)
\@enLab=\toks31
)
\c@figure=\count142
\c@table=\count143
\abovecaptionskip=\skip49
\belowcaptionskip=\skip50
)
("C:\Users\Roberto Rolo\AppData\Local\Programs\MiKTeX 2.9\tex/latex/beamer\beam
erbasenavigation.sty"
\beamer@section@min@dim=\dimen175
)
("C:\Users\Roberto Rolo\AppData\Local\Programs\MiKTeX 2.9\tex/latex/beamer\beam
erbasetheorems.sty"
("C:\Users\Roberto Rolo\AppData\Local\Programs\MiKTeX 2.9\tex/latex/amsmath\ams
math.sty"
Package: amsmath 2018/12/01 v2.17b AMS math features
\@mathmargin=\skip51

For additional information on amsmath, use the `?' option.

("C:\Users\Roberto Rolo\AppData\Local\Programs\MiKTeX 2.9\tex/latex/amsmath\ams
text.sty"
Package: amstext 2000/06/29 v2.01 AMS text

("C:\Users\Roberto Rolo\AppData\Local\Programs\MiKTeX 2.9\tex/latex/amsmath\ams
gen.sty"
File: amsgen.sty 1999/11/30 v2.0 generic functions
\@emptytoks=\toks32
\ex@=\dimen176
))
("C:\Users\Roberto Rolo\AppData\Local\Programs\MiKTeX 2.9\tex/latex/amsmath\ams
bsy.sty"
Package: amsbsy 1999/11/29 v1.2d Bold Symbols
\pmbraise@=\dimen177
)
("C:\Users\Roberto Rolo\AppData\Local\Programs\MiKTeX 2.9\tex/latex/amsmath\ams
opn.sty"
Package: amsopn 2016/03/08 v2.02 operator names
)
\inf@bad=\count144
LaTeX Info: Redefining \frac on input line 223.
\uproot@=\count145
\leftroot@=\count146
LaTeX Info: Redefining \overline on input line 385.
\classnum@=\count147
\DOTSCASE@=\count148
LaTeX Info: Redefining \ldots on input line 482.
LaTeX Info: Redefining \dots on input line 485.
LaTeX Info: Redefining \cdots on input line 606.
\Mathstrutbox@=\box52
\strutbox@=\box53
\big@size=\dimen178
LaTeX Font Info:    Redeclaring font encoding OML on input line 729.
LaTeX Font Info:    Redeclaring font encoding OMS on input line 730.
\macc@depth=\count149
\c@MaxMatrixCols=\count150
\dotsspace@=\muskip11
\c@parentequation=\count151
\dspbrk@lvl=\count152
\tag@help=\toks33
\row@=\count153
\column@=\count154
\maxfields@=\count155
\andhelp@=\toks34
\eqnshift@=\dimen179
\alignsep@=\dimen180
\tagshift@=\dimen181
\tagwidth@=\dimen182
\totwidth@=\dimen183
\lineht@=\dimen184
\@envbody=\toks35
\multlinegap=\skip52
\multlinetaggap=\skip53
\mathdisplay@stack=\toks36
LaTeX Info: Redefining \[ on input line 2844.
LaTeX Info: Redefining \] on input line 2845.
)
("C:\Users\Roberto Rolo\AppData\Local\Programs\MiKTeX 2.9\tex/latex/amscls\amst
hm.sty"
Package: amsthm 2017/10/31 v2.20.4
\thm@style=\toks37
\thm@bodyfont=\toks38
\thm@headfont=\toks39
\thm@notefont=\toks40
\thm@headpunct=\toks41
\thm@preskip=\skip54
\thm@postskip=\skip55
\thm@headsep=\skip56
\dth@everypar=\toks42
)
\c@theorem=\count156
)
("C:\Users\Roberto Rolo\AppData\Local\Programs\MiKTeX 2.9\tex/latex/beamer\beam
erbasethemes.sty"))
("C:\Users\Roberto Rolo\AppData\Local\Programs\MiKTeX 2.9\tex/latex/beamer\beam
erthemedefault.sty"
("C:\Users\Roberto Rolo\AppData\Local\Programs\MiKTeX 2.9\tex/latex/beamer\beam
erfontthemedefault.sty")
("C:\Users\Roberto Rolo\AppData\Local\Programs\MiKTeX 2.9\tex/latex/beamer\beam
ercolorthemedefault.sty")
("C:\Users\Roberto Rolo\AppData\Local\Programs\MiKTeX 2.9\tex/latex/beamer\beam
erinnerthemedefault.sty"
\beamer@dima=\dimen185
\beamer@dimb=\dimen186
)
("C:\Users\Roberto Rolo\AppData\Local\Programs\MiKTeX 2.9\tex/latex/beamer\beam
erouterthemedefault.sty")))
\c@saveenumi=\count157

("C:\Users\Roberto Rolo\AppData\Local\Programs\MiKTeX 2.9\tex/generic/babel\bab
el.sty"
Package: babel 2018/11/13 3.27 The Babel package

("C:\Users\Roberto Rolo\AppData\Local\Programs\MiKTeX 2.9\tex/generic/babel\swi
tch.def"
File: switch.def 2018/11/13 3.27 Babel switching mechanism
)
*************************************
* Local config file bblopts.cfg used
*

("C:\Users\Roberto Rolo\AppData\Local\Programs\MiKTeX 2.9\tex/latex/arabi\bblop
ts.cfg"
File: bblopts.cfg 2005/09/08 v0.1 add Arabic and Farsi to "declared" options of
 babel
)
("C:\Users\Roberto Rolo\AppData\Local\Programs\MiKTeX 2.9\tex/latex/babel-portu
ges\portuges.ldf"
Language: portuges 2008/03/18 v1.2q Portuguese support from the babel system

("C:\Users\Roberto Rolo\AppData\Local\Programs\MiKTeX 2.9\tex/generic/babel\bab
el.def"
File: babel.def 2018/11/13 3.27 Babel common definitions
\babel@savecnt=\count158
\U@D=\dimen187

("C:\Users\Roberto Rolo\AppData\Local\Programs\MiKTeX 2.9\tex/generic/babel\txt
babel.def")
LaTeX Info: Redefining \textlatin on input line 2003.
\bbl@dirlevel=\count159
)
Package babel Info: Making " an active character on input line 145.
))
("C:\Users\Roberto Rolo\AppData\Local\Programs\MiKTeX 2.9\tex/latex/base\inpute
nc.sty"
Package: inputenc 2018/08/11 v1.3c Input encoding file
\inpenc@prehook=\toks43
\inpenc@posthook=\toks44

("C:\Users\Roberto Rolo\AppData\Local\Programs\MiKTeX 2.9\tex/latex/ucs\utf8x.d
ef"
File: utf8x.def 2004/10/17 UCS: Input encoding UTF-8
))
("C:\Users\Roberto Rolo\AppData\Local\Programs\MiKTeX 2.9\tex/latex/ucs\ucs.sty
"
Package: ucs 2013/05/11 v2.2 UCS: Unicode input support

("C:\Users\Roberto Rolo\AppData\Local\Programs\MiKTeX 2.9\tex/latex/ucs\uni-glo
bal.def"
File: uni-global.def 2013/05/13 UCS: Unicode global data
)
\uc@secondtry=\count160
\uc@combtoks=\toks45
\uc@combtoksb=\toks46
\uc@temptokena=\toks47
)
("C:\Users\Roberto Rolo\AppData\Local\Programs\MiKTeX 2.9\tex/latex/base\fonten
c.sty"
Package: fontenc 2018/08/11 v2.0j Standard LaTeX package

("C:\Users\Roberto Rolo\AppData\Local\Programs\MiKTeX 2.9\tex/latex/base\t1enc.
def"
File: t1enc.def 2018/08/11 v2.0j Standard LaTeX file
LaTeX Font Info:    Redeclaring font encoding T1 on input line 48.
))
("C:\Users\Roberto Rolo\AppData\Local\Programs\MiKTeX 2.9\tex/latex/natbib\natb
ib.sty"
Package: natbib 2010/09/13 8.31b (PWD, AO)
\bibhang=\skip57
\bibsep=\skip58
LaTeX Info: Redefining \cite on input line 694.
\c@NAT@ctr=\count161
)
("C:\Users\Roberto Rolo\AppData\Local\Programs\MiKTeX 2.9\tex/latex/ucs\uni-0.d
ef"
File: uni-0.def 2013/05/13 UCS: Unicode data U+0000..U+00FF
)

Package hyperref Warning: Token not allowed in a PDF string (PDFDocEncoding):
(hyperref)                removing `\\' on input line 39.

(apresentaco.aux)
\openout1 = `apresentaco.aux'.

LaTeX Font Info:    Checking defaults for OML/cmm/m/it on input line 43.
LaTeX Font Info:    ... okay on input line 43.
LaTeX Font Info:    Checking defaults for T1/cmr/m/n on input line 43.
LaTeX Font Info:    ... okay on input line 43.
LaTeX Font Info:    Checking defaults for OT1/cmr/m/n on input line 43.
LaTeX Font Info:    ... okay on input line 43.
LaTeX Font Info:    Checking defaults for OMS/cmsy/m/n on input line 43.
LaTeX Font Info:    ... okay on input line 43.
LaTeX Font Info:    Checking defaults for OMX/cmex/m/n on input line 43.
LaTeX Font Info:    ... okay on input line 43.
LaTeX Font Info:    Checking defaults for U/cmr/m/n on input line 43.
LaTeX Font Info:    ... okay on input line 43.
LaTeX Font Info:    Checking defaults for PD1/pdf/m/n on input line 43.
LaTeX Font Info:    ... okay on input line 43.

*geometry* driver: auto-detecting
*geometry* detected driver: pdftex
*geometry* verbose mode - [ preamble ] result:
* driver: pdftex
* paper: custom
* layout: <same size as paper>
* layoutoffset:(h,v)=(0.0pt,0.0pt)
* modes: includehead includefoot 
* h-part:(L,W,R)=(28.45274pt, 398.3386pt, 28.45274pt)
* v-part:(T,H,B)=(0.0pt, 256.0748pt, 0.0pt)
* \paperwidth=455.24408pt
* \paperheight=256.0748pt
* \textwidth=398.3386pt
* \textheight=227.62207pt
* \oddsidemargin=-43.81725pt
* \evensidemargin=-43.81725pt
* \topmargin=-72.26999pt
* \headheight=14.22636pt
* \headsep=0.0pt
* \topskip=11.0pt
* \footskip=14.22636pt
* \marginparwidth=4.0pt
* \marginparsep=10.0pt
* \columnsep=10.0pt
* \skip\footins=10.0pt plus 4.0pt minus 2.0pt
* \hoffset=0.0pt
* \voffset=0.0pt
* \mag=1000
* \@twocolumnfalse
* \@twosidefalse
* \@mparswitchfalse
* \@reversemarginfalse
* (1in=72.27pt=25.4mm, 1cm=28.453pt)


("C:\Users\Roberto Rolo\AppData\Local\Programs\MiKTeX 2.9\tex/context/base/mkii
\supp-pdf.mkii"
[Loading MPS to PDF converter (version 2006.09.02).]
\scratchcounter=\count162
\scratchdimen=\dimen188
\scratchbox=\box54
\nofMPsegments=\count163
\nofMParguments=\count164
\everyMPshowfont=\toks48
\MPscratchCnt=\count165
\MPscratchDim=\dimen189
\MPnumerator=\count166
\makeMPintoPDFobject=\count167
\everyMPtoPDFconversion=\toks49
)
("C:\Users\Roberto Rolo\AppData\Local\Programs\MiKTeX 2.9\tex/latex/oberdiek\ep
stopdf-base.sty"
Package: epstopdf-base 2016/05/15 v2.6 Base part for package epstopdf

("C:\Users\Roberto Rolo\AppData\Local\Programs\MiKTeX 2.9\tex/latex/oberdiek\gr
fext.sty"
Package: grfext 2016/05/16 v1.2 Manage graphics extensions (HO)
)
Package epstopdf-base Info: Redefining graphics rule for `.eps' on input line 4
38.
Package grfext Info: Graphics extension search list:
(grfext)             [.pdf,.png,.jpg,.mps,.jpeg,.jbig2,.jb2,.PDF,.PNG,.JPG,.JPE
G,.JBIG2,.JB2,.eps]
(grfext)             \AppendGraphicsExtensions on input line 456.
) ABD: EveryShipout initializing macros
\AtBeginShipoutBox=\box55
Package hyperref Info: Link coloring OFF on input line 43.

("C:\Users\Roberto Rolo\AppData\Local\Programs\MiKTeX 2.9\tex/latex/hyperref\na
meref.sty"
Package: nameref 2016/05/21 v2.44 Cross-referencing by name of section

("C:\Users\Roberto Rolo\AppData\Local\Programs\MiKTeX 2.9\tex/generic/oberdiek\
gettitlestring.sty"
Package: gettitlestring 2016/05/16 v1.5 Cleanup title references (HO)
)
\c@section@level=\count168
)
LaTeX Info: Redefining \ref on input line 43.
LaTeX Info: Redefining \pageref on input line 43.
LaTeX Info: Redefining \nameref on input line 43.
 (apresentaco.out) (apresentaco.out)
\@outlinefile=\write5
\openout5 = `apresentaco.out'.

LaTeX Font Info:    Overwriting symbol font `operators' in version `normal'
(Font)                  OT1/cmr/m/n --> OT1/cmss/m/n on input line 43.
LaTeX Font Info:    Overwriting symbol font `operators' in version `bold'
(Font)                  OT1/cmr/bx/n --> OT1/cmss/bx/n on input line 43.
\symnumbers=\mathgroup6
\sympureletters=\mathgroup7
LaTeX Font Info:    Overwriting math alphabet `\mathrm' in version `normal'
(Font)                  OT1/cmss/m/n --> T1/cmr/m/n on input line 43.
LaTeX Font Info:    Redeclaring math alphabet \mathbf on input line 43.
LaTeX Font Info:    Overwriting math alphabet `\mathbf' in version `normal'
(Font)                  OT1/cmr/bx/n --> T1/cmss/bx/n on input line 43.
LaTeX Font Info:    Overwriting math alphabet `\mathbf' in version `bold'
(Font)                  OT1/cmr/bx/n --> T1/cmss/bx/n on input line 43.
LaTeX Font Info:    Redeclaring math alphabet \mathsf on input line 43.
LaTeX Font Info:    Overwriting math alphabet `\mathsf' in version `normal'
(Font)                  OT1/cmss/m/n --> T1/cmss/m/n on input line 43.
LaTeX Font Info:    Overwriting math alphabet `\mathsf' in version `bold'
(Font)                  OT1/cmss/bx/n --> T1/cmss/m/n on input line 43.
LaTeX Font Info:    Redeclaring math alphabet \mathit on input line 43.
LaTeX Font Info:    Overwriting math alphabet `\mathit' in version `normal'
(Font)                  OT1/cmr/m/it --> T1/cmss/m/it on input line 43.
LaTeX Font Info:    Overwriting math alphabet `\mathit' in version `bold'
(Font)                  OT1/cmr/bx/it --> T1/cmss/m/it on input line 43.
LaTeX Font Info:    Redeclaring math alphabet \mathtt on input line 43.
LaTeX Font Info:    Overwriting math alphabet `\mathtt' in version `normal'
(Font)                  OT1/cmtt/m/n --> T1/cmtt/m/n on input line 43.
LaTeX Font Info:    Overwriting math alphabet `\mathtt' in version `bold'
(Font)                  OT1/cmtt/m/n --> T1/cmtt/m/n on input line 43.
LaTeX Font Info:    Overwriting symbol font `numbers' in version `bold'
(Font)                  T1/cmss/m/n --> T1/cmss/bx/n on input line 43.
LaTeX Font Info:    Overwriting symbol font `pureletters' in version `bold'
(Font)                  T1/cmss/m/it --> T1/cmss/bx/it on input line 43.
LaTeX Font Info:    Overwriting math alphabet `\mathrm' in version `bold'
(Font)                  OT1/cmss/bx/n --> T1/cmr/bx/n on input line 43.
LaTeX Font Info:    Overwriting math alphabet `\mathbf' in version `bold'
(Font)                  T1/cmss/bx/n --> T1/cmss/bx/n on input line 43.
LaTeX Font Info:    Overwriting math alphabet `\mathsf' in version `bold'
(Font)                  T1/cmss/m/n --> T1/cmss/bx/n on input line 43.
LaTeX Font Info:    Overwriting math alphabet `\mathit' in version `bold'
(Font)                  T1/cmss/m/it --> T1/cmss/bx/it on input line 43.
LaTeX Font Info:    Overwriting math alphabet `\mathtt' in version `bold'
(Font)                  T1/cmtt/m/n --> T1/cmtt/bx/n on input line 43.
LaTeX Font Info:    Redeclaring symbol font `pureletters' on input line 43.
LaTeX Font Info:    Encoding `T1' has changed to `OT1' for symbol font
(Font)              `pureletters' in the math version `normal' on input line 43
.
LaTeX Font Info:    Overwriting symbol font `pureletters' in version `normal'
(Font)                  T1/cmss/m/it --> OT1/mathkerncmss/m/sl on input line 43
.
LaTeX Font Info:    Encoding `T1' has changed to `OT1' for symbol font
(Font)              `pureletters' in the math version `bold' on input line 43.
LaTeX Font Info:    Overwriting symbol font `pureletters' in version `bold'
(Font)                  T1/cmss/bx/it --> OT1/mathkerncmss/m/sl on input line 4
3.
LaTeX Font Info:    Overwriting symbol font `pureletters' in version `bold'
(Font)                  OT1/mathkerncmss/m/sl --> OT1/mathkerncmss/bx/sl on inp
ut line 43.

("C:\Users\Roberto Rolo\AppData\Local\Programs\MiKTeX 2.9\tex/latex/translator\
translator-basic-dictionary-English.dict"
Dictionary: translator-basic-dictionary, Language: English 
)
("C:\Users\Roberto Rolo\AppData\Local\Programs\MiKTeX 2.9\tex/latex/translator\
translator-bibliography-dictionary-English.dict"
Dictionary: translator-bibliography-dictionary, Language: English 
)
("C:\Users\Roberto Rolo\AppData\Local\Programs\MiKTeX 2.9\tex/latex/translator\
translator-environment-dictionary-English.dict"
Dictionary: translator-environment-dictionary, Language: English 
)
("C:\Users\Roberto Rolo\AppData\Local\Programs\MiKTeX 2.9\tex/latex/translator\
translator-months-dictionary-English.dict"
Dictionary: translator-months-dictionary, Language: English 
)
("C:\Users\Roberto Rolo\AppData\Local\Programs\MiKTeX 2.9\tex/latex/translator\
translator-numbers-dictionary-English.dict"
Dictionary: translator-numbers-dictionary, Language: English 
)
("C:\Users\Roberto Rolo\AppData\Local\Programs\MiKTeX 2.9\tex/latex/translator\
translator-theorem-dictionary-English.dict"
Dictionary: translator-theorem-dictionary, Language: English 
)
("C:\Users\Roberto Rolo\AppData\Local\Programs\MiKTeX 2.9\tex/latex/ucs\ucsencs
.def"
File: ucsencs.def 2011/01/21 Fixes to fontencodings LGR, T3
) (apresentaco.nav) [1{C:/Users/Roberto Rolo/AppData/Local/MiKTeX/2.9/pdftex/co
nfig/pdftex.map}

] (apresentaco.toc) [2

] [3

]
\tf@nav=\write6
\openout6 = `apresentaco.nav'.

\tf@toc=\write7
\openout7 = `apresentaco.toc'.

\tf@snm=\write8
\openout8 = `apresentaco.snm'.

Package atveryend Info: Empty hook `BeforeClearDocument' on input line 62.
Package atveryend Info: Empty hook `AfterLastShipout' on input line 62.
 (apresentaco.aux)
Package atveryend Info: Executing hook `AtVeryEndDocument' on input line 62.
Package atveryend Info: Executing hook `AtEndAfterFileList' on input line 62.
Package rerunfilecheck Info: File `apresentaco.out' has not changed.
(rerunfilecheck)             Checksum: 4DEF7CE7D7B90A5D0EBDD4B11E5F0BDF;52.
 ) 
Here is how much of TeX's memory you used:
 18699 strings out of 492945
 351929 string characters out of 3123143
 443934 words of memory out of 3000000
 22180 multiletter control sequences out of 15000+200000
 8854 words of font info for 22 fonts, out of 3000000 for 9000
 1141 hyphenation exceptions out of 8191
 56i,11n,55p,780b,583s stack positions out of 5000i,500n,10000p,200000b,50000s
 <C:\Users\Roberto Rolo\AppData\Local\MiKTeX\2.9\fonts/pk/ljfour/jknappen/ec/
dpi600\ecss0800.pk> <C:\Users\Roberto Rolo\AppData\Local\MiKTeX\2.9\fonts/pk/lj
four/jknappen/ec/dpi600\ecss1000.pk> <C:\Users\Roberto Rolo\AppData\Local\MiKTe
X\2.9\fonts/pk/ljfour/jknappen/ec/dpi600\ecss1095.pk> <C:\Users\Roberto Rolo\Ap
pData\Local\MiKTeX\2.9\fonts/pk/ljfour/jknappen/ec/dpi600\ecss1440.pk> <C:\User
s\Roberto Rolo\AppData\Local\MiKTeX\2.9\fonts/pk/ljfour/jknappen/ec/dpi600\ecss
0600.pk>
Output written on apresentaco.pdf (3 pages, 44676 bytes).
PDF statistics:
 178 PDF objects out of 1000 (max. 8388607)
 8 named destinations out of 1000 (max. 500000)
 51 words of extra memory for PDF output out of 10000 (max. 10000000)

