This is pdfTeX, Version 3.14159265-2.6-1.40.18 (TeX Live 2017/Debian) (preloaded format=pdflatex 2019.4.9)  9 APR 2019 12:17
entering extended mode
 restricted \write18 enabled.
 %&-line parsing enabled.
**main.tex
(./main.tex
LaTeX2e <2017-04-15>
Babel <3.18> and hyphenation patterns for 84 language(s) loaded.
(/usr/share/texlive/texmf-dist/tex/latex/abntex2/abntex2.cls
Document Class: abntex2 2016/02/26 v-1.9.6 abnTeX2
(/usr/share/texlive/texmf-dist/tex/latex/base/ifthen.sty
Package: ifthen 2014/09/29 v1.1c Standard LaTeX ifthen package (DPC)
)
(/usr/share/texlive/texmf-dist/tex/latex/memoir/memoir.cls
Document Class: memoir 2016/05/16 v3.7f configurable book, report, article docu
ment class
\onelineskip=\skip41
\lxvchars=\skip42
\xlvchars=\skip43
\@memcnta=\count79
\c@@memmarkcntra=\count80
(/usr/share/texlive/texmf-dist/tex/generic/oberdiek/ifpdf.sty
Package: ifpdf 2017/03/15 v3.2 Provides the ifpdf switch
)
(/usr/share/texlive/texmf-dist/tex/latex/ifetex/ifetex.sty
Package: ifetex 2011/12/15 v1.2 ifetex

(/usr/share/texlive/texmf-dist/tex/plain/ifetex/ifetex.tex))
(/usr/share/texlive/texmf-dist/tex/generic/ifxetex/ifxetex.sty
Package: ifxetex 2010/09/12 v0.6 Provides ifxetex conditional
)
(/usr/share/texlive/texmf-dist/tex/generic/oberdiek/ifluatex.sty
Package: ifluatex 2016/05/16 v1.4 Provides the ifluatex switch (HO)
Package ifluatex Info: LuaTeX not detected.
)
\stockheight=\skip44
\stockwidth=\skip45
\trimtop=\skip46
\trimedge=\skip47

(/usr/share/texlive/texmf-dist/tex/latex/memoir/mem12.clo
File: mem12.clo 2010/10/19 v0.4b memoir class 12pt size option
)
\binding=\skip48
\spinemargin=\skip49
\foremargin=\skip50
\uppermargin=\skip51
\lowermargin=\skip52
\headdrop=\skip53
\normalrulethickness=\skip54
\mem@maxheadheight=\skip55
\mem@maxfootheight=\skip56
\headwidth=\skip57
\c@storedpagenumber=\count81
\memPD=\dimen102
\m@mabparskip=\skip58
\thanksmarkwidth=\skip59
\thanksmarksep=\skip60
\droptitle=\skip61
\c@book=\count82
\c@part=\count83
\c@chapter=\count84
\c@section=\count85
\c@subsection=\count86
\c@subsubsection=\count87
\c@paragraph=\count88
\c@subparagraph=\count89
\beforechapskip=\skip62
\midchapskip=\skip63
\afterchapskip=\skip64
\chapindent=\skip65
\bottomsectionskip=\skip66
\secindent=\skip67
\beforesecskip=\skip68
\aftersecskip=\skip69
\subsecindent=\skip70
\beforesubsecskip=\skip71
\aftersubsecskip=\skip72
\subsubsecindent=\skip73
\beforesubsubsecskip=\skip74
\aftersubsubsecskip=\skip75
\paraindent=\skip76
\beforeparaskip=\skip77
\afterparaskip=\skip78
\subparaindent=\skip79
\beforesubparaskip=\skip80
\aftersubparaskip=\skip81
\pfbreakskip=\skip82
\c@@ppsavesec=\count90
\c@@ppsaveapp=\count91
\ragrparindent=\dimen103
\everylistparindent=\dimen104
\parsepi=\skip83
\topsepi=\skip84
\itemsepi=\skip85
\parsepii=\skip86
\topsepii=\skip87
\topsepiii=\skip88
\itemsepii=\skip89
\itemsepiii=\skip90
\partopsepii=\skip91
\partopsepiii=\skip92
\m@msavetopsep=\skip93
\m@msavepartopsep=\skip94
\@enLab=\toks14
\abstitleskip=\skip95
\absleftindent=\skip96
\abs@leftindent=\dimen105
\absrightindent=\skip97
\absparindent=\skip98
\absparsep=\skip99
\c@vslineno=\count92
\c@poemline=\count93
\c@modulo@vs=\count94
\c@memfvsline=\count95
\vleftskip=\skip100
\vrightskip=\skip101
\stanzaskip=\skip102
\versewidth=\skip103
\vgap=\skip104
\vindent=\skip105
\vleftmargin=\dimen106
\c@verse=\count96
\c@chrsinstr=\count97
\beforepoemtitleskip=\skip106
\afterpoemtitleskip=\skip107
\c@poem=\count98
\beforePoemTitleskip=\skip108
\midPoemTitleskip=\skip109
\afterPoemTitleskip=\skip110
\col@sep=\dimen107
\extrarowheight=\dimen108
\NC@list=\toks15
\extratabsurround=\skip111
\backup@length=\skip112
\TX@col@width=\dimen109
\TX@old@table=\dimen110
\TX@old@col=\dimen111
\TX@target=\dimen112
\TX@delta=\dimen113
\TX@cols=\count99
\TX@ftn=\toks16
\heavyrulewidth=\dimen114
\lightrulewidth=\dimen115
\cmidrulewidth=\dimen116
\belowrulesep=\dimen117
\belowbottomsep=\dimen118
\aboverulesep=\dimen119
\abovetopsep=\dimen120
\cmidrulesep=\dimen121
\cmidrulekern=\dimen122
\defaultaddspace=\dimen123
\@cmidla=\count100
\@cmidlb=\count101
\@aboverulesep=\dimen124
\@belowrulesep=\dimen125
\@thisruleclass=\count102
\@lastruleclass=\count103
\@thisrulewidth=\dimen126
\ctableftskip=\skip113
\ctabrightskip=\skip114
\abovecolumnspenalty=\count104
\@linestogo=\count105
\@cellstogo=\count106
\@cellsincolumn=\count107
\crtok=\toks17
\@mincolumnwidth=\dimen127
\c@newflo@tctr=\count108
\mem@margin@floatbox=\box26
\@contcwidth=\skip115
\@contindw=\skip116
\abovecaptionskip=\skip117
\belowcaptionskip=\skip118
\subfloattopskip=\skip119
\subfloatcapskip=\skip120
\subfloatcaptopadj=\skip121
\subfloatbottomskip=\skip122
\subfloatlabelskip=\skip123
\subfloatcapmargin=\dimen128
\c@@contsubnum=\count109
\m@mscap@capbox=\box27
\m@mscap@fbox=\box28
\sidecapsep=\dimen129
\sidecapwidth=\dimen130
\m@m@tempdima=\dimen131
\m@mscapraise=\dimen132
\sidecapraise=\dimen133
\m@mscapmainwidth=\dimen134
\m@mscaplkern=\dimen135
\beforeepigraphskip=\skip124
\afterepigraphskip=\skip125
\epigraphwidth=\skip126
\epigraphrule=\skip127
LaTeX Info: Redefining \em on input line 7551.
LaTeX Info: Redefining \emph on input line 7559.
\tocentryskip=\skip128
\tocbaseline=\skip129
\cftparskip=\skip130
\cftbeforebookskip=\skip131
\cftbookindent=\dimen136
\cftbooknumwidth=\dimen137
\cftbeforepartskip=\skip132
\cftpartindent=\skip133
\cftpartnumwidth=\skip134
\cftbeforechapterskip=\skip135
\cftchapterindent=\skip136
\cftchapternumwidth=\skip137
\cftbeforesectionskip=\skip138
\cftsectionindent=\skip139
\cftsectionnumwidth=\skip140
\cftbeforesubsectionskip=\skip141
\cftsubsectionindent=\skip142
\cftsubsectionnumwidth=\skip143
\cftbeforesubsubsectionskip=\skip144
\cftsubsubsectionindent=\skip145
\cftsubsubsectionnumwidth=\skip146
\cftbeforeparagraphskip=\skip147
\cftparagraphindent=\skip148
\cftparagraphnumwidth=\skip149
\cftbeforesubparagraphskip=\skip150
\cftsubparagraphindent=\skip151
\cftsubparagraphnumwidth=\skip152
\prechapterprecisshift=\dimen138
\c@maxsecnumdepth=\count110
\bibindent=\dimen139
\bibitemsep=\skip153
\indexcolsep=\skip154
\indexrule=\skip155
\indexmarkstyle=\toks18
\@indexbox=\insert199
\glossarycolsep=\dimen140
\glossaryrule=\dimen141
\sideparvshift=\skip156
\sideins=\insert198
\sidebartopsep=\skip157
\sidebarhsep=\skip158
\sidebarvsep=\skip159
\sidebarwidth=\skip160
\footmarkwidth=\skip161
\footmarksep=\skip162
\footparindent=\skip163
\footinsdim=\skip164
\footinsv@r=\insert197
\@mpfootinsv@r=\insert196
\m@m@k=\count111
\m@m@h=\dimen142
\m@mipn@skip=\skip165
\sidefootins=\insert195
\sidefootadjust=\skip166
\sidefootheight=\skip167
\sidefoothsep=\skip168
\sidefootvsep=\skip169
\sidefootwidth=\skip170
\m@mdownsf=\skip171
\c@sidefootnote=\count112
\sidefootmarkwidth=\skip172
\sidefootmarksep=\skip173
\sidefootparindent=\skip174
\c@pagenote=\count113
\c@pagenoteshadow=\count114
\mem@pn@lastkern=\skip175
\every@verbatim=\toks19
\afterevery@verbatim=\toks20
\verbatim@line=\toks21
\tab@position=\count115
\verbatim@in@stream=\read1
\verbatimindent=\skip176
\verbatim@out=\write3
\bvboxsep=\skip177
\c@memfbvline=\count116
\c@bvlinectr=\count117
\bvnumlength=\skip178
\fb@frw=\dimen143
\fb@frh=\dimen144
\FrameRule=\dimen145
\FrameSep=\dimen146
\c@cp@cntr=\count118
LaTeX Info: Redefining \: on input line 12068.
LaTeX Info: Redefining \! on input line 12070.
\c@ism@mctr=\count119
\c@xsm@mctr=\count120
\c@csm@mctr=\count121
\c@ksm@mctr=\count122
\c@xksm@mctr=\count123
\c@cksm@mctr=\count124
\c@msm@mctr=\count125
\c@xmsm@mctr=\count126
\c@cmsm@mctr=\count127
\c@bsm@mctr=\count128
\c@workm@mctr=\count129
\c@sheetsequence=\count130
\c@lastsheet=\count131
\c@lastpage=\count132
\c@figure=\count133
\c@lofdepth=\count134
\cftbeforefigureskip=\skip179
\cftfigureindent=\skip180
\cftfigurenumwidth=\skip181
\c@table=\count135
\c@lotdepth=\count136
\cftbeforetableskip=\skip182
\cfttableindent=\skip183
\cfttablenumwidth=\skip184
Package abstract [2008/07/23] emulated by memoir.
Package appendix [2008/07/23] emulated by memoir.
Package array [2008/09/09] emulated by memoir.
Package booktabs [2016/05/16] emulated by memoir.
Package ccaption [2008/07/23] emulated by memoir.
Package changepage [2008/07/23] emulated by memoir.
Package chngcntr [2008/07/23] emulated by memoir.
Package chngpage [2008/07/23] emulated by memoir.
Package crop emulated by memoir.
Package dcolumn [2008/07/23] emulated by memoir.
Package delarray [2008/07/23] emulated by memoir.
Package enumerate [2008/07/23] emulated by memoir.
Package epigraph [2008/07/23] emulated by memoir.
Package ifmtarg [2008/07/23] emulated by memoir.
Package index [2008/07/23] emulated by memoir.
Package makeidx [2008/07/23] emulated by memoir.
Package moreverb [2008/07/23] emulated by memoir.
Package mparhack [2008/07/23] emulated by memoir.
Package needspace [2008/07/23] emulated by memoir.
Package newfile [2008/07/23] emulated by memoir.
Package nextpage [2008/07/23] emulated by memoir.
Package pagenote [2008/07/23] emulated by memoir.
Package parskip [2008/07/23] emulated by memoir.
Package patchcmd [2008/07/23] emulated by memoir.
Package setspace [2008/07/23] emulated by memoir.
Package shortvrb [2008/07/23] emulated by memoir.
Package showidx [2008/07/23] emulated by memoir.
Package tabularx [2008/07/23] emulated by memoir.
Package titleref [2008/07/23] emulated by memoir.
Package titling [2008/07/23] emulated by memoir.
Package tocbibind [2008/07/23] emulated by memoir.
Package tocloft [2008/07/23] emulated by memoir.
Package tocvsec2 [2008/07/23] emulated by memoir.
Package verbatim [2008/07/23] emulated by memoir.
Package verse [2008/07/23] emulated by memoir.

(/usr/share/texlive/texmf-dist/tex/latex/memoir/mempatch.sty
Package: mempatch 2009/07/24 v6.0f Patches for memoir class v1.6180339
))
(/usr/share/texlive/texmf-dist/tex/latex/textcase/textcase.sty
Package: textcase 2004/10/07 v0.07 Text only upper/lower case changing (DPC)
LaTeX Info: Redefining \MakeTextUppercase on input line 47.
LaTeX Info: Redefining \MakeTextLowercase on input line 50.
)
(/usr/share/texlive/texmf-dist/tex/latex/hyperref/hyperref.sty
Package: hyperref 2018/02/06 v6.86b Hypertext links for LaTeX

(/usr/share/texlive/texmf-dist/tex/generic/oberdiek/hobsub-hyperref.sty
Package: hobsub-hyperref 2016/05/16 v1.14 Bundle oberdiek, subset hyperref (HO)


(/usr/share/texlive/texmf-dist/tex/generic/oberdiek/hobsub-generic.sty
Package: hobsub-generic 2016/05/16 v1.14 Bundle oberdiek, subset generic (HO)
Package: hobsub 2016/05/16 v1.14 Construct package bundles (HO)
Package: infwarerr 2016/05/16 v1.4 Providing info/warning/error messages (HO)
Package: ltxcmds 2016/05/16 v1.23 LaTeX kernel commands for general use (HO)
Package hobsub Info: Skipping package `ifluatex' (already loaded).
Package: ifvtex 2016/05/16 v1.6 Detect VTeX and its facilities (HO)
Package ifvtex Info: VTeX not detected.
Package: intcalc 2016/05/16 v1.2 Expandable calculations with integers (HO)
Package hobsub Info: Skipping package `ifpdf' (already loaded).
Package: etexcmds 2016/05/16 v1.6 Avoid name clashes with e-TeX commands (HO)
Package etexcmds Info: Could not find \expanded.
(etexcmds)             That can mean that you are not using pdfTeX 1.50 or
(etexcmds)             that some package has redefined \expanded.
(etexcmds)             In the latter case, load this package earlier.
Package: kvsetkeys 2016/05/16 v1.17 Key value parser (HO)
Package: kvdefinekeys 2016/05/16 v1.4 Define keys (HO)
Package: pdftexcmds 2018/01/21 v0.26 Utility functions of pdfTeX for LuaTeX (HO
)
Package pdftexcmds Info: LuaTeX not detected.
Package pdftexcmds Info: \pdf@primitive is available.
Package pdftexcmds Info: \pdf@ifprimitive is available.
Package pdftexcmds Info: \pdfdraftmode found.
Package: pdfescape 2016/05/16 v1.14 Implements pdfTeX's escape features (HO)
Package: bigintcalc 2016/05/16 v1.4 Expandable calculations on big integers (HO
)
Package: bitset 2016/05/16 v1.2 Handle bit-vector datatype (HO)
Package: uniquecounter 2016/05/16 v1.3 Provide unlimited unique counter (HO)
)
Package hobsub Info: Skipping package `hobsub' (already loaded).
Package: letltxmacro 2016/05/16 v1.5 Let assignment for LaTeX macros (HO)
Package: hopatch 2016/05/16 v1.3 Wrapper for package hooks (HO)
Package: xcolor-patch 2016/05/16 xcolor patch
Package: atveryend 2016/05/16 v1.9 Hooks at the very end of document (HO)
Package atveryend Info: \enddocument detected (standard20110627).
Package: atbegshi 2016/06/09 v1.18 At begin shipout hook (HO)
Package: refcount 2016/05/16 v3.5 Data extraction from label references (HO)
Package: hycolor 2016/05/16 v1.8 Color options for hyperref/bookmark (HO)
)
(/usr/share/texlive/texmf-dist/tex/latex/graphics/keyval.sty
Package: keyval 2014/10/28 v1.15 key=value parser (DPC)
\KV@toks@=\toks22
)
(/usr/share/texlive/texmf-dist/tex/latex/oberdiek/auxhook.sty
Package: auxhook 2016/05/16 v1.4 Hooks for auxiliary files (HO)
)
(/usr/share/texlive/texmf-dist/tex/latex/oberdiek/kvoptions.sty
Package: kvoptions 2016/05/16 v3.12 Key value format for package options (HO)
)
\@linkdim=\dimen147
\Hy@linkcounter=\count137
\Hy@pagecounter=\count138

(/usr/share/texlive/texmf-dist/tex/latex/hyperref/pd1enc.def
File: pd1enc.def 2018/02/06 v6.86b Hyperref: PDFDocEncoding definition (HO)
)
\Hy@SavedSpaceFactor=\count139

(/usr/share/texlive/texmf-dist/tex/latex/latexconfig/hyperref.cfg
File: hyperref.cfg 2002/06/06 v1.2 hyperref configuration of TeXLive
)
Package hyperref Info: Hyper figures OFF on input line 4509.
Package hyperref Info: Link nesting OFF on input line 4514.
Package hyperref Info: Hyper index ON on input line 4517.
Package hyperref Info: Plain pages OFF on input line 4524.
Package hyperref Info: Backreferencing OFF on input line 4529.
Package hyperref Info: Implicit mode ON; LaTeX internals redefined.
Package hyperref Info: Bookmarks ON on input line 4762.
\c@Hy@tempcnt=\count140

(/usr/share/texlive/texmf-dist/tex/latex/url/url.sty
\Urlmuskip=\muskip10
Package: url 2013/09/16  ver 3.4  Verb mode for urls, etc.
)
LaTeX Info: Redefining \url on input line 5115.
\XeTeXLinkMargin=\dimen148
\Fld@menulength=\count141
\Field@Width=\dimen149
\Fld@charsize=\dimen150
Package hyperref Info: Hyper figures OFF on input line 6369.
Package hyperref Info: Link nesting OFF on input line 6374.
Package hyperref Info: Hyper index ON on input line 6377.
Package hyperref Info: backreferencing OFF on input line 6384.
Package hyperref Info: Link coloring OFF on input line 6389.
Package hyperref Info: Link coloring with OCG OFF on input line 6394.
Package hyperref Info: PDF/A mode OFF on input line 6399.
LaTeX Info: Redefining \ref on input line 6439.
LaTeX Info: Redefining \pageref on input line 6443.
\Hy@abspage=\count142
\c@Item=\count143
\c@Hfootnote=\count144
)
(/usr/share/texlive/texmf-dist/tex/latex/memoir/memhfixc.sty
Package: memhfixc 2013/05/30 v1.17 nameref/hyperref package fixes for memoir cl
ass
\c@memhycontfloat=\count145
\c@Hpagenote=\count146
)
Package hyperref Info: Driver (autodetected): hpdftex.

(/usr/share/texlive/texmf-dist/tex/latex/hyperref/hpdftex.def
File: hpdftex.def 2018/02/06 v6.86b Hyperref driver for pdfTeX
\Fld@listcount=\count147
\c@bookmark@seq@number=\count148

(/usr/share/texlive/texmf-dist/tex/latex/oberdiek/rerunfilecheck.sty
Package: rerunfilecheck 2016/05/16 v1.8 Rerun checks for auxiliary files (HO)
Package uniquecounter Info: New unique counter `rerunfilecheck' on input line 2
82.
)
\Hy@SectionHShift=\skip185
)
(/usr/share/texlive/texmf-dist/tex/latex/oberdiek/bookmark.sty
Package: bookmark 2016/05/17 v1.26 PDF bookmarks (HO)

(/usr/share/texlive/texmf-dist/tex/latex/oberdiek/bkm-pdftex.def
File: bkm-pdftex.def 2016/05/17 v1.26 bookmark driver for pdfTeX (HO)
\BKM@id=\count149
))
(/usr/share/texlive/texmf-dist/tex/generic/babel/babel.sty
Package: babel 2018/02/14 3.18 The Babel package

(/usr/share/texlive/texmf-dist/tex/generic/babel/switch.def
File: switch.def 2018/02/14 3.18 Babel switching mechanism
)
(/usr/share/texlive/texmf-dist/tex/generic/babel-english/english.ldf
Language: english 2017/06/06 v3.3r English support from the babel system

(/usr/share/texlive/texmf-dist/tex/generic/babel/babel.def
File: babel.def 2018/02/14 3.18 Babel common definitions
\babel@savecnt=\count150
\U@D=\dimen151

(/usr/share/texlive/texmf-dist/tex/generic/babel/txtbabel.def)
\bbl@dirlevel=\count151
)
\l@canadian = a dialect from \language\l@american 
\l@australian = a dialect from \language\l@british 
\l@newzealand = a dialect from \language\l@british 
)
(/usr/share/texlive/texmf-dist/tex/generic/babel-french/french.ldf
Language: french 2018/02/04 v3.4b French support from the babel system
\l@acadian = a dialect from \language\l@french 
\FB@nonchar=\count152
Package babel Info: Making : an active character on input line 411.
Package babel Info: Making ; an active character on input line 412.
Package babel Info: Making ! an active character on input line 413.
Package babel Info: Making ? an active character on input line 414.
\FBguill@level=\count153
\FB@everypar=\toks23
\FB@Mht=\dimen152
\mc@charclass=\count154
\mc@charfam=\count155
\mc@charslot=\count156
\std@mcc=\count157
\dec@mcc=\count158
\c@FBcaption@count=\count159
\listindentFB=\skip186
\descindentFB=\skip187
\labelwidthFB=\skip188
\leftmarginFB=\skip189
\parindentFFN=\dimen153
\FBfnindent=\skip190
)
(/usr/share/texlive/texmf-dist/tex/generic/babel-spanish/spanish.ldf
Language: spanish.ldf 2016/03/03 v5.0p Spanish support from the babel system
\es@quottoks=\toks24
\es@quotdepth=\count160
Package babel Info: Making " an active character on input line 561.
Package babel Info: Making . an active character on input line 662.
Package babel Info: Making < an active character on input line 707.
Package babel Info: Making > an active character on input line 707.
)
(/usr/share/texlive/texmf-dist/tex/generic/babel-portuges/portuges.ldf
Language: portuges 2008/03/18 v1.2q Portuguese support from the babel system
\l@brazil = a dialect from \language\l@portuges 
))
(/usr/share/texlive/texmf-dist/tex/latex/carlisle/scalefnt.sty)
(/usr/share/texlive/texmf-dist/tex/latex/enumitem/enumitem.sty
Package: enumitem 2011/09/28 v3.5.2 Customized lists
\labelindent=\skip191
\enit@outerparindent=\dimen154
\enit@toks=\toks25
\enit@inbox=\box29
\enitdp@description=\count161
)
(/usr/share/texlive/texmf-dist/tex/latex/tools/calc.sty
Package: calc 2014/10/28 v4.3 Infix arithmetic (KKT,FJ)
\calc@Acount=\count162
\calc@Bcount=\count163
\calc@Adimen=\dimen155
\calc@Bdimen=\dimen156
\calc@Askip=\skip192
\calc@Bskip=\skip193
LaTeX Info: Redefining \setlength on input line 80.
LaTeX Info: Redefining \addtolength on input line 81.
\calc@Ccount=\count164
\calc@Cskip=\skip194
)

******************************************************
Stock height and width: 845.04684pt by 597.50787pt
Top and edge trims: 0pt and 0pt
Page height and width: 845.04684pt by 597.50787pt
Text height and width: 708pt by 455pt
Spine and edge margins: 85.35826pt and 56.9055pt
Upper and lower margins: 85.35826pt and 51.68858pt
Headheight and headsep: 14.5pt and 19.8738pt
Footskip: 30pt
Columnsep and columnseprule: 10pt and 0pt
Marginparsep and marginparwidth: 7pt and 42.9055pt
Sidecapsep and sidecapwidth: 7pt and 92pt
Sidebarhsep and sidebarwidth: 7pt and 92pt
Sidebarvsep and sidebartopsep: 14.5pt and 0pt
Sidebarheight: 590.14995pt
Sidefoothsep and sidefootwidth: 7pt and 92pt
Sidefootvsep and sidefootheight: 14.5pt and 590.14995pt
******************************************************

\c@abntex@bookmarkcounter=\count165
\cftlastnumwidth=\skip256
\chapternamenumlength=\skip257
\ABNTEXcitacaorecuo=\skip258
\c@alineasi=\count166
\c@alineasii=\count167
\enitdp@alineas=\count168
\c@subalineasi=\count169
\enitdp@subalineas=\count170
\c@incisosi=\count171
\enitdp@incisos=\count172
\ABNTEXsignwidth=\skip259
\ABNTEXsignthickness=\skip260
\ABNTEXsignskip=\skip261
) (/usr/share/texmf/tex/latex/lm/lmodern.sty
Package: lmodern 2009/10/30 v1.6 Latin Modern Fonts
LaTeX Font Info:    Overwriting symbol font `operators' in version `normal'
(Font)                  OT1/cmr/m/n --> OT1/lmr/m/n on input line 22.
LaTeX Font Info:    Overwriting symbol font `letters' in version `normal'
(Font)                  OML/cmm/m/it --> OML/lmm/m/it on input line 23.
LaTeX Font Info:    Overwriting symbol font `symbols' in version `normal'
(Font)                  OMS/cmsy/m/n --> OMS/lmsy/m/n on input line 24.
LaTeX Font Info:    Overwriting symbol font `largesymbols' in version `normal'
(Font)                  OMX/cmex/m/n --> OMX/lmex/m/n on input line 25.
LaTeX Font Info:    Overwriting symbol font `operators' in version `bold'
(Font)                  OT1/cmr/bx/n --> OT1/lmr/bx/n on input line 26.
LaTeX Font Info:    Overwriting symbol font `letters' in version `bold'
(Font)                  OML/cmm/b/it --> OML/lmm/b/it on input line 27.
LaTeX Font Info:    Overwriting symbol font `symbols' in version `bold'
(Font)                  OMS/cmsy/b/n --> OMS/lmsy/b/n on input line 28.
LaTeX Font Info:    Overwriting symbol font `largesymbols' in version `bold'
(Font)                  OMX/cmex/m/n --> OMX/lmex/m/n on input line 29.
LaTeX Font Info:    Overwriting math alphabet `\mathbf' in version `normal'
(Font)                  OT1/cmr/bx/n --> OT1/lmr/bx/n on input line 31.
LaTeX Font Info:    Overwriting math alphabet `\mathsf' in version `normal'
(Font)                  OT1/cmss/m/n --> OT1/lmss/m/n on input line 32.
LaTeX Font Info:    Overwriting math alphabet `\mathit' in version `normal'
(Font)                  OT1/cmr/m/it --> OT1/lmr/m/it on input line 33.
LaTeX Font Info:    Overwriting math alphabet `\mathtt' in version `normal'
(Font)                  OT1/cmtt/m/n --> OT1/lmtt/m/n on input line 34.
LaTeX Font Info:    Overwriting math alphabet `\mathbf' in version `bold'
(Font)                  OT1/cmr/bx/n --> OT1/lmr/bx/n on input line 35.
LaTeX Font Info:    Overwriting math alphabet `\mathsf' in version `bold'
(Font)                  OT1/cmss/bx/n --> OT1/lmss/bx/n on input line 36.
LaTeX Font Info:    Overwriting math alphabet `\mathit' in version `bold'
(Font)                  OT1/cmr/bx/it --> OT1/lmr/bx/it on input line 37.
LaTeX Font Info:    Overwriting math alphabet `\mathtt' in version `bold'
(Font)                  OT1/cmtt/m/n --> OT1/lmtt/m/n on input line 38.
)
(/usr/share/texlive/texmf-dist/tex/latex/base/fontenc.sty
Package: fontenc 2017/04/05 v2.0i Standard LaTeX package

(/usr/share/texlive/texmf-dist/tex/latex/base/t1enc.def
File: t1enc.def 2017/04/05 v2.0i Standard LaTeX file
LaTeX Font Info:    Redeclaring font encoding T1 on input line 48.
))
(/usr/share/texlive/texmf-dist/tex/latex/base/inputenc.sty
Package: inputenc 2015/03/17 v1.2c Input encoding file
\inpenc@prehook=\toks26
\inpenc@posthook=\toks27

(/usr/share/texlive/texmf-dist/tex/latex/base/utf8.def
File: utf8.def 2017/01/28 v1.1t UTF-8 support for inputenc
Now handling font encoding OML ...
... no UTF-8 mapping file for font encoding OML
Now handling font encoding T1 ...
... processing UTF-8 mapping file for font encoding T1

(/usr/share/texlive/texmf-dist/tex/latex/base/t1enc.dfu
File: t1enc.dfu 2017/01/28 v1.1t UTF-8 support for inputenc
   defining Unicode char U+00A0 (decimal 160)
   defining Unicode char U+00A1 (decimal 161)
   defining Unicode char U+00A3 (decimal 163)
   defining Unicode char U+00AB (decimal 171)
   defining Unicode char U+00AD (decimal 173)
   defining Unicode char U+00BB (decimal 187)
   defining Unicode char U+00BF (decimal 191)
   defining Unicode char U+00C0 (decimal 192)
   defining Unicode char U+00C1 (decimal 193)
   defining Unicode char U+00C2 (decimal 194)
   defining Unicode char U+00C3 (decimal 195)
   defining Unicode char U+00C4 (decimal 196)
   defining Unicode char U+00C5 (decimal 197)
   defining Unicode char U+00C6 (decimal 198)
   defining Unicode char U+00C7 (decimal 199)
   defining Unicode char U+00C8 (decimal 200)
   defining Unicode char U+00C9 (decimal 201)
   defining Unicode char U+00CA (decimal 202)
   defining Unicode char U+00CB (decimal 203)
   defining Unicode char U+00CC (decimal 204)
   defining Unicode char U+00CD (decimal 205)
   defining Unicode char U+00CE (decimal 206)
   defining Unicode char U+00CF (decimal 207)
   defining Unicode char U+00D0 (decimal 208)
   defining Unicode char U+00D1 (decimal 209)
   defining Unicode char U+00D2 (decimal 210)
   defining Unicode char U+00D3 (decimal 211)
   defining Unicode char U+00D4 (decimal 212)
   defining Unicode char U+00D5 (decimal 213)
   defining Unicode char U+00D6 (decimal 214)
   defining Unicode char U+00D8 (decimal 216)
   defining Unicode char U+00D9 (decimal 217)
   defining Unicode char U+00DA (decimal 218)
   defining Unicode char U+00DB (decimal 219)
   defining Unicode char U+00DC (decimal 220)
   defining Unicode char U+00DD (decimal 221)
   defining Unicode char U+00DE (decimal 222)
   defining Unicode char U+00DF (decimal 223)
   defining Unicode char U+00E0 (decimal 224)
   defining Unicode char U+00E1 (decimal 225)
   defining Unicode char U+00E2 (decimal 226)
   defining Unicode char U+00E3 (decimal 227)
   defining Unicode char U+00E4 (decimal 228)
   defining Unicode char U+00E5 (decimal 229)
   defining Unicode char U+00E6 (decimal 230)
   defining Unicode char U+00E7 (decimal 231)
   defining Unicode char U+00E8 (decimal 232)
   defining Unicode char U+00E9 (decimal 233)
   defining Unicode char U+00EA (decimal 234)
   defining Unicode char U+00EB (decimal 235)
   defining Unicode char U+00EC (decimal 236)
   defining Unicode char U+00ED (decimal 237)
   defining Unicode char U+00EE (decimal 238)
   defining Unicode char U+00EF (decimal 239)
   defining Unicode char U+00F0 (decimal 240)
   defining Unicode char U+00F1 (decimal 241)
   defining Unicode char U+00F2 (decimal 242)
   defining Unicode char U+00F3 (decimal 243)
   defining Unicode char U+00F4 (decimal 244)
   defining Unicode char U+00F5 (decimal 245)
   defining Unicode char U+00F6 (decimal 246)
   defining Unicode char U+00F8 (decimal 248)
   defining Unicode char U+00F9 (decimal 249)
   defining Unicode char U+00FA (decimal 250)
   defining Unicode char U+00FB (decimal 251)
   defining Unicode char U+00FC (decimal 252)
   defining Unicode char U+00FD (decimal 253)
   defining Unicode char U+00FE (decimal 254)
   defining Unicode char U+00FF (decimal 255)
   defining Unicode char U+0100 (decimal 256)
   defining Unicode char U+0101 (decimal 257)
   defining Unicode char U+0102 (decimal 258)
   defining Unicode char U+0103 (decimal 259)
   defining Unicode char U+0104 (decimal 260)
   defining Unicode char U+0105 (decimal 261)
   defining Unicode char U+0106 (decimal 262)
   defining Unicode char U+0107 (decimal 263)
   defining Unicode char U+0108 (decimal 264)
   defining Unicode char U+0109 (decimal 265)
   defining Unicode char U+010A (decimal 266)
   defining Unicode char U+010B (decimal 267)
   defining Unicode char U+010C (decimal 268)
   defining Unicode char U+010D (decimal 269)
   defining Unicode char U+010E (decimal 270)
   defining Unicode char U+010F (decimal 271)
   defining Unicode char U+0110 (decimal 272)
   defining Unicode char U+0111 (decimal 273)
   defining Unicode char U+0112 (decimal 274)
   defining Unicode char U+0113 (decimal 275)
   defining Unicode char U+0114 (decimal 276)
   defining Unicode char U+0115 (decimal 277)
   defining Unicode char U+0116 (decimal 278)
   defining Unicode char U+0117 (decimal 279)
   defining Unicode char U+0118 (decimal 280)
   defining Unicode char U+0119 (decimal 281)
   defining Unicode char U+011A (decimal 282)
   defining Unicode char U+011B (decimal 283)
   defining Unicode char U+011C (decimal 284)
   defining Unicode char U+011D (decimal 285)
   defining Unicode char U+011E (decimal 286)
   defining Unicode char U+011F (decimal 287)
   defining Unicode char U+0120 (decimal 288)
   defining Unicode char U+0121 (decimal 289)
   defining Unicode char U+0122 (decimal 290)
   defining Unicode char U+0123 (decimal 291)
   defining Unicode char U+0124 (decimal 292)
   defining Unicode char U+0125 (decimal 293)
   defining Unicode char U+0128 (decimal 296)
   defining Unicode char U+0129 (decimal 297)
   defining Unicode char U+012A (decimal 298)
   defining Unicode char U+012B (decimal 299)
   defining Unicode char U+012C (decimal 300)
   defining Unicode char U+012D (decimal 301)
   defining Unicode char U+012E (decimal 302)
   defining Unicode char U+012F (decimal 303)
   defining Unicode char U+0130 (decimal 304)
   defining Unicode char U+0131 (decimal 305)
   defining Unicode char U+0132 (decimal 306)
   defining Unicode char U+0133 (decimal 307)
   defining Unicode char U+0134 (decimal 308)
   defining Unicode char U+0135 (decimal 309)
   defining Unicode char U+0136 (decimal 310)
   defining Unicode char U+0137 (decimal 311)
   defining Unicode char U+0139 (decimal 313)
   defining Unicode char U+013A (decimal 314)
   defining Unicode char U+013B (decimal 315)
   defining Unicode char U+013C (decimal 316)
   defining Unicode char U+013D (decimal 317)
   defining Unicode char U+013E (decimal 318)
   defining Unicode char U+0141 (decimal 321)
   defining Unicode char U+0142 (decimal 322)
   defining Unicode char U+0143 (decimal 323)
   defining Unicode char U+0144 (decimal 324)
   defining Unicode char U+0145 (decimal 325)
   defining Unicode char U+0146 (decimal 326)
   defining Unicode char U+0147 (decimal 327)
   defining Unicode char U+0148 (decimal 328)
   defining Unicode char U+014A (decimal 330)
   defining Unicode char U+014B (decimal 331)
   defining Unicode char U+014C (decimal 332)
   defining Unicode char U+014D (decimal 333)
   defining Unicode char U+014E (decimal 334)
   defining Unicode char U+014F (decimal 335)
   defining Unicode char U+0150 (decimal 336)
   defining Unicode char U+0151 (decimal 337)
   defining Unicode char U+0152 (decimal 338)
   defining Unicode char U+0153 (decimal 339)
   defining Unicode char U+0154 (decimal 340)
   defining Unicode char U+0155 (decimal 341)
   defining Unicode char U+0156 (decimal 342)
   defining Unicode char U+0157 (decimal 343)
   defining Unicode char U+0158 (decimal 344)
   defining Unicode char U+0159 (decimal 345)
   defining Unicode char U+015A (decimal 346)
   defining Unicode char U+015B (decimal 347)
   defining Unicode char U+015C (decimal 348)
   defining Unicode char U+015D (decimal 349)
   defining Unicode char U+015E (decimal 350)
   defining Unicode char U+015F (decimal 351)
   defining Unicode char U+0160 (decimal 352)
   defining Unicode char U+0161 (decimal 353)
   defining Unicode char U+0162 (decimal 354)
   defining Unicode char U+0163 (decimal 355)
   defining Unicode char U+0164 (decimal 356)
   defining Unicode char U+0165 (decimal 357)
   defining Unicode char U+0168 (decimal 360)
   defining Unicode char U+0169 (decimal 361)
   defining Unicode char U+016A (decimal 362)
   defining Unicode char U+016B (decimal 363)
   defining Unicode char U+016C (decimal 364)
   defining Unicode char U+016D (decimal 365)
   defining Unicode char U+016E (decimal 366)
   defining Unicode char U+016F (decimal 367)
   defining Unicode char U+0170 (decimal 368)
   defining Unicode char U+0171 (decimal 369)
   defining Unicode char U+0172 (decimal 370)
   defining Unicode char U+0173 (decimal 371)
   defining Unicode char U+0174 (decimal 372)
   defining Unicode char U+0175 (decimal 373)
   defining Unicode char U+0176 (decimal 374)
   defining Unicode char U+0177 (decimal 375)
   defining Unicode char U+0178 (decimal 376)
   defining Unicode char U+0179 (decimal 377)
   defining Unicode char U+017A (decimal 378)
   defining Unicode char U+017B (decimal 379)
   defining Unicode char U+017C (decimal 380)
   defining Unicode char U+017D (decimal 381)
   defining Unicode char U+017E (decimal 382)
   defining Unicode char U+01CD (decimal 461)
   defining Unicode char U+01CE (decimal 462)
   defining Unicode char U+01CF (decimal 463)
   defining Unicode char U+01D0 (decimal 464)
   defining Unicode char U+01D1 (decimal 465)
   defining Unicode char U+01D2 (decimal 466)
   defining Unicode char U+01D3 (decimal 467)
   defining Unicode char U+01D4 (decimal 468)
   defining Unicode char U+01E2 (decimal 482)
   defining Unicode char U+01E3 (decimal 483)
   defining Unicode char U+01E6 (decimal 486)
   defining Unicode char U+01E7 (decimal 487)
   defining Unicode char U+01E8 (decimal 488)
   defining Unicode char U+01E9 (decimal 489)
   defining Unicode char U+01EA (decimal 490)
   defining Unicode char U+01EB (decimal 491)
   defining Unicode char U+01F0 (decimal 496)
   defining Unicode char U+01F4 (decimal 500)
   defining Unicode char U+01F5 (decimal 501)
   defining Unicode char U+0218 (decimal 536)
   defining Unicode char U+0219 (decimal 537)
   defining Unicode char U+021A (decimal 538)
   defining Unicode char U+021B (decimal 539)
   defining Unicode char U+0232 (decimal 562)
   defining Unicode char U+0233 (decimal 563)
   defining Unicode char U+1E02 (decimal 7682)
   defining Unicode char U+1E03 (decimal 7683)
   defining Unicode char U+200C (decimal 8204)
   defining Unicode char U+2010 (decimal 8208)
   defining Unicode char U+2011 (decimal 8209)
   defining Unicode char U+2012 (decimal 8210)
   defining Unicode char U+2013 (decimal 8211)
   defining Unicode char U+2014 (decimal 8212)
   defining Unicode char U+2015 (decimal 8213)
   defining Unicode char U+2018 (decimal 8216)
   defining Unicode char U+2019 (decimal 8217)
   defining Unicode char U+201A (decimal 8218)
   defining Unicode char U+201C (decimal 8220)
   defining Unicode char U+201D (decimal 8221)
   defining Unicode char U+201E (decimal 8222)
   defining Unicode char U+2030 (decimal 8240)
   defining Unicode char U+2031 (decimal 8241)
   defining Unicode char U+2039 (decimal 8249)
   defining Unicode char U+203A (decimal 8250)
   defining Unicode char U+2423 (decimal 9251)
   defining Unicode char U+1E20 (decimal 7712)
   defining Unicode char U+1E21 (decimal 7713)
)
Now handling font encoding OT1 ...
... processing UTF-8 mapping file for font encoding OT1

(/usr/share/texlive/texmf-dist/tex/latex/base/ot1enc.dfu
File: ot1enc.dfu 2017/01/28 v1.1t UTF-8 support for inputenc
   defining Unicode char U+00A0 (decimal 160)
   defining Unicode char U+00A1 (decimal 161)
   defining Unicode char U+00A3 (decimal 163)
   defining Unicode char U+00AD (decimal 173)
   defining Unicode char U+00B8 (decimal 184)
   defining Unicode char U+00BF (decimal 191)
   defining Unicode char U+00C5 (decimal 197)
   defining Unicode char U+00C6 (decimal 198)
   defining Unicode char U+00D8 (decimal 216)
   defining Unicode char U+00DF (decimal 223)
   defining Unicode char U+00E6 (decimal 230)
   defining Unicode char U+00EC (decimal 236)
   defining Unicode char U+00ED (decimal 237)
   defining Unicode char U+00EE (decimal 238)
   defining Unicode char U+00EF (decimal 239)
   defining Unicode char U+00F8 (decimal 248)
   defining Unicode char U+0131 (decimal 305)
   defining Unicode char U+0141 (decimal 321)
   defining Unicode char U+0142 (decimal 322)
   defining Unicode char U+0152 (decimal 338)
   defining Unicode char U+0153 (decimal 339)
   defining Unicode char U+0174 (decimal 372)
   defining Unicode char U+0175 (decimal 373)
   defining Unicode char U+0176 (decimal 374)
   defining Unicode char U+0177 (decimal 375)
   defining Unicode char U+0218 (decimal 536)
   defining Unicode char U+0219 (decimal 537)
   defining Unicode char U+021A (decimal 538)
   defining Unicode char U+021B (decimal 539)
   defining Unicode char U+2013 (decimal 8211)
   defining Unicode char U+2014 (decimal 8212)
   defining Unicode char U+2018 (decimal 8216)
   defining Unicode char U+2019 (decimal 8217)
   defining Unicode char U+201C (decimal 8220)
   defining Unicode char U+201D (decimal 8221)
)
Now handling font encoding OMS ...
... processing UTF-8 mapping file for font encoding OMS

(/usr/share/texlive/texmf-dist/tex/latex/base/omsenc.dfu
File: omsenc.dfu 2017/01/28 v1.1t UTF-8 support for inputenc
   defining Unicode char U+00A7 (decimal 167)
   defining Unicode char U+00B6 (decimal 182)
   defining Unicode char U+00B7 (decimal 183)
   defining Unicode char U+2020 (decimal 8224)
   defining Unicode char U+2021 (decimal 8225)
   defining Unicode char U+2022 (decimal 8226)
)
Now handling font encoding OMX ...
... no UTF-8 mapping file for font encoding OMX
Now handling font encoding U ...
... no UTF-8 mapping file for font encoding U
Now handling font encoding PD1 ...
... no UTF-8 mapping file for font encoding PD1
   defining Unicode char U+00A9 (decimal 169)
   defining Unicode char U+00AA (decimal 170)
   defining Unicode char U+00AE (decimal 174)
   defining Unicode char U+00BA (decimal 186)
   defining Unicode char U+02C6 (decimal 710)
   defining Unicode char U+02DC (decimal 732)
   defining Unicode char U+200C (decimal 8204)
   defining Unicode char U+2026 (decimal 8230)
   defining Unicode char U+2122 (decimal 8482)
   defining Unicode char U+2423 (decimal 9251)
))
(/usr/share/texlive/texmf-dist/tex/latex/lastpage/lastpage.sty
Package: lastpage 2015/03/29 v1.2m Refers to last page's name (HMM; JPG)
)
(/usr/share/texlive/texmf-dist/tex/latex/tools/indentfirst.sty
Package: indentfirst 1995/11/23 v1.03 Indent first paragraph (DPC)
)
(/usr/share/texlive/texmf-dist/tex/latex/graphics/color.sty
Package: color 2016/07/10 v1.1e Standard LaTeX Color (DPC)

(/usr/share/texlive/texmf-dist/tex/latex/graphics-cfg/color.cfg
File: color.cfg 2016/01/02 v1.6 sample color configuration
)
Package color Info: Driver file: pdftex.def on input line 147.

(/usr/share/texlive/texmf-dist/tex/latex/graphics-def/pdftex.def
File: pdftex.def 2018/01/08 v1.0l Graphics/color driver for pdftex
))
(/usr/share/texlive/texmf-dist/tex/latex/graphics/graphicx.sty
Package: graphicx 2017/06/01 v1.1a Enhanced LaTeX Graphics (DPC,SPQR)

(/usr/share/texlive/texmf-dist/tex/latex/graphics/graphics.sty
Package: graphics 2017/06/25 v1.2c Standard LaTeX Graphics (DPC,SPQR)

(/usr/share/texlive/texmf-dist/tex/latex/graphics/trig.sty
Package: trig 2016/01/03 v1.10 sin cos tan (DPC)
)
(/usr/share/texlive/texmf-dist/tex/latex/graphics-cfg/graphics.cfg
File: graphics.cfg 2016/06/04 v1.11 sample graphics configuration
)
Package graphics Info: Driver file: pdftex.def on input line 99.
)
\Gin@req@height=\dimen157
\Gin@req@width=\dimen158
)
(/usr/share/texlive/texmf-dist/tex/latex/microtype/microtype.sty
Package: microtype 2018/01/14 v2.7a Micro-typographical refinements (RS)
\MT@toks=\toks28
\MT@count=\count173
LaTeX Info: Redefining \textls on input line 793.
\MT@outer@kern=\dimen159
LaTeX Info: Redefining \textmicrotypecontext on input line 1339.
\MT@listname@count=\count174

(/usr/share/texlive/texmf-dist/tex/latex/microtype/microtype-pdftex.def
File: microtype-pdftex.def 2018/01/14 v2.7a Definitions specific to pdftex (RS)

LaTeX Info: Redefining \lsstyle on input line 913.
LaTeX Info: Redefining \lslig on input line 913.
\MT@outer@space=\skip262
)
Package microtype Info: Loading configuration file microtype.cfg.

(/usr/share/texlive/texmf-dist/tex/latex/microtype/microtype.cfg
File: microtype.cfg 2018/01/14 v2.7a microtype main configuration file (RS)
))
(/usr/share/texlive/texmf-dist/tex/latex/lipsum/lipsum.sty
Package: lipsum 2014/07/27 v1.3 150 paragraphs of Lorem Ipsum dummy text
\c@lips@count=\count175
)
(/usr/share/texlive/texmf-dist/tex/latex/amsmath/amsmath.sty
Package: amsmath 2017/09/02 v2.17a AMS math features
\@mathmargin=\skip263

For additional information on amsmath, use the `?' option.
(/usr/share/texlive/texmf-dist/tex/latex/amsmath/amstext.sty
Package: amstext 2000/06/29 v2.01 AMS text

(/usr/share/texlive/texmf-dist/tex/latex/amsmath/amsgen.sty
File: amsgen.sty 1999/11/30 v2.0 generic functions
\@emptytoks=\toks29
\ex@=\dimen160
))
(/usr/share/texlive/texmf-dist/tex/latex/amsmath/amsbsy.sty
Package: amsbsy 1999/11/29 v1.2d Bold Symbols
\pmbraise@=\dimen161
)
(/usr/share/texlive/texmf-dist/tex/latex/amsmath/amsopn.sty
Package: amsopn 2016/03/08 v2.02 operator names
)
\inf@bad=\count176
LaTeX Info: Redefining \frac on input line 213.
\uproot@=\count177
\leftroot@=\count178
LaTeX Info: Redefining \overline on input line 375.
\classnum@=\count179
\DOTSCASE@=\count180
LaTeX Info: Redefining \ldots on input line 472.
LaTeX Info: Redefining \dots on input line 475.
LaTeX Info: Redefining \cdots on input line 596.
\Mathstrutbox@=\box30
\strutbox@=\box31
\big@size=\dimen162
LaTeX Font Info:    Redeclaring font encoding OML on input line 712.
LaTeX Font Info:    Redeclaring font encoding OMS on input line 713.
\macc@depth=\count181
\c@MaxMatrixCols=\count182
\dotsspace@=\muskip11
\c@parentequation=\count183
\dspbrk@lvl=\count184
\tag@help=\toks30
\row@=\count185
\column@=\count186
\maxfields@=\count187
\andhelp@=\toks31
\eqnshift@=\dimen163
\alignsep@=\dimen164
\tagshift@=\dimen165
\tagwidth@=\dimen166
\totwidth@=\dimen167
\lineht@=\dimen168
\@envbody=\toks32
\multlinegap=\skip264
\multlinetaggap=\skip265
\mathdisplay@stack=\toks33
LaTeX Info: Redefining \[ on input line 2817.
LaTeX Info: Redefining \] on input line 2818.
)
(/usr/share/texlive/texmf-dist/tex/latex/placeins/placeins.sty
Package: placeins 2005/04/18  v 2.2
)
(/usr/share/texlive/texmf-dist/tex/latex/hyperref/backref.sty
Package: backref 2016/05/21 v1.39 Bibliographical back referencing
)
(/usr/share/texlive/texmf-dist/tex/latex/abntex2/abntex2cite.sty
Package: abntex2cite 2016/02/26 v-1.9.6 abnTeX2

(/usr/share/texlive/texmf-dist/tex/latex/abntex2/abntex2abrev.sty)
\minimumbiblabelwidth=\skip266
\ABCIauxlen=\skip267
\c@ABCIaux=\count188
\c@ABCImax=\count189

(/usr/share/texlive/texmf-dist/tex/latex/relsize/relsize.sty
Package: relsize 2013/03/29 ver 4.1
)
\biblabelsep=\skip268
LaTeX Info: Redefining \newblock on input line 591.
LaTeX Info: Redefining \cite on input line 618.
\ABCItoken=\toks34
)
(/usr/share/texlive/texmf-dist/tex/latex/subfig/subfig.sty
Package: subfig 2005/06/28 ver: 1.3 subfig package


Class memoir Warning: You are using the caption package with the memoir class. 
To prepare we will now reset all captioning macros and configurations to kernel
 defaults, and then let the caption package take over. Please remember to use
 the caption package interfaces in order to
 configure your captions.

(/usr/share/texlive/texmf-dist/tex/latex/caption/caption.sty
Package: caption 2016/02/21 v3.3-144 Customizing captions (AR)

(/usr/share/texlive/texmf-dist/tex/latex/caption/caption3.sty
Package: caption3 2016/05/22 v1.7-166 caption3 kernel (AR)
Package caption3 Info: TeX engine: e-TeX on input line 67.
\captionmargin=\dimen169
\captionmargin@=\dimen170
\captionwidth=\dimen171
\caption@tempdima=\dimen172
\caption@indent=\dimen173
\caption@parindent=\dimen174
\caption@hangindent=\dimen175
)
\c@ContinuedFloat=\count190
Package caption Info: hyperref package is loaded.
)
\c@KVtest=\count191
\sf@farskip=\skip269
\sf@captopadj=\dimen176
\sf@capskip=\skip270
\sf@nearskip=\skip271
\c@subfigure=\count192
\c@subfigure@save=\count193
\c@subtable=\count194
\c@subtable@save=\count266
\sf@top=\skip272
\sf@bottom=\skip273
)
Package color Info: Redefining color blue on input line 132.
Package hyperref Info: Option `colorlinks' set `true' on input line 149.
\main@idxfile=\write4
\openout4 = `main.idx'.


Writing index file main.idx 
(./main.aux (./capitulo_1/capitulo_1.aux) (./capitulo_2/capitulo_2.aux

LaTeX Warning: Label `<figure2>' multiply defined.


LaTeX Warning: Label `sub@<figure2>' multiply defined.


LaTeX Warning: Label `<figure1>' multiply defined.


LaTeX Warning: Label `sub@<figure1>' multiply defined.


LaTeX Warning: Label `<figure2>' multiply defined.


LaTeX Warning: Label `sub@<figure2>' multiply defined.


LaTeX Warning: Label `<figure2>' multiply defined.


LaTeX Warning: Label `sub@<figure2>' multiply defined.


LaTeX Warning: Label `<figure1>' multiply defined.


LaTeX Warning: Label `sub@<figure1>' multiply defined.


LaTeX Warning: Label `<figure2>' multiply defined.


LaTeX Warning: Label `sub@<figure2>' multiply defined.


LaTeX Warning: Label `<figure2>' multiply defined.


LaTeX Warning: Label `sub@<figure2>' multiply defined.


LaTeX Warning: Label `<figure1>' multiply defined.


LaTeX Warning: Label `sub@<figure1>' multiply defined.


LaTeX Warning: Label `<figure2>' multiply defined.


LaTeX Warning: Label `sub@<figure2>' multiply defined.


LaTeX Warning: Label `<figure2>' multiply defined.


LaTeX Warning: Label `sub@<figure2>' multiply defined.


LaTeX Warning: Label `<figure1>' multiply defined.


LaTeX Warning: Label `sub@<figure1>' multiply defined.


LaTeX Warning: Label `<figure2>' multiply defined.


LaTeX Warning: Label `sub@<figure2>' multiply defined.


LaTeX Warning: Label `<figure2>' multiply defined.


LaTeX Warning: Label `sub@<figure2>' multiply defined.


LaTeX Warning: Label `<figure1>' multiply defined.


LaTeX Warning: Label `sub@<figure1>' multiply defined.


LaTeX Warning: Label `<figure2>' multiply defined.


LaTeX Warning: Label `sub@<figure2>' multiply defined.


LaTeX Warning: Label `<figure2>' multiply defined.


LaTeX Warning: Label `sub@<figure2>' multiply defined.


LaTeX Warning: Label `<figure1>' multiply defined.


LaTeX Warning: Label `sub@<figure1>' multiply defined.


LaTeX Warning: Label `<figure2>' multiply defined.


LaTeX Warning: Label `sub@<figure2>' multiply defined.


LaTeX Warning: Label `<figure1>' multiply defined.


LaTeX Warning: Label `sub@<figure1>' multiply defined.


LaTeX Warning: Label `<figure2>' multiply defined.


LaTeX Warning: Label `sub@<figure2>' multiply defined.


LaTeX Warning: Label `eq_mult_sg' multiply defined.


LaTeX Warning: Label `a' multiply defined.


LaTeX Warning: Label `sub@a' multiply defined.


LaTeX Warning: Label `b' multiply defined.


LaTeX Warning: Label `sub@b' multiply defined.


LaTeX Warning: Label `<figure1>' multiply defined.


LaTeX Warning: Label `sub@<figure1>' multiply defined.


LaTeX Warning: Label `<figure2>' multiply defined.


LaTeX Warning: Label `sub@<figure2>' multiply defined.


LaTeX Warning: Label `a' multiply defined.


LaTeX Warning: Label `sub@a' multiply defined.


LaTeX Warning: Label `b' multiply defined.


LaTeX Warning: Label `sub@b' multiply defined.


LaTeX Warning: Label `a' multiply defined.


LaTeX Warning: Label `sub@a' multiply defined.


LaTeX Warning: Label `b' multiply defined.


LaTeX Warning: Label `sub@b' multiply defined.


LaTeX Warning: Label `<figure1>' multiply defined.


LaTeX Warning: Label `sub@<figure1>' multiply defined.


LaTeX Warning: Label `<figure2>' multiply defined.


LaTeX Warning: Label `sub@<figure2>' multiply defined.


LaTeX Warning: Label `<figure2>' multiply defined.


LaTeX Warning: Label `sub@<figure2>' multiply defined.


LaTeX Warning: Label `a' multiply defined.


LaTeX Warning: Label `sub@a' multiply defined.


LaTeX Warning: Label `b' multiply defined.


LaTeX Warning: Label `sub@b' multiply defined.


LaTeX Warning: Label `a' multiply defined.


LaTeX Warning: Label `sub@a' multiply defined.


LaTeX Warning: Label `b' multiply defined.


LaTeX Warning: Label `sub@b' multiply defined.


LaTeX Warning: Label `<figure1>' multiply defined.


LaTeX Warning: Label `sub@<figure1>' multiply defined.


LaTeX Warning: Label `<figure2>' multiply defined.


LaTeX Warning: Label `sub@<figure2>' multiply defined.


LaTeX Warning: Label `<figure2>' multiply defined.


LaTeX Warning: Label `sub@<figure2>' multiply defined.


LaTeX Warning: Label `a' multiply defined.


LaTeX Warning: Label `sub@a' multiply defined.


LaTeX Warning: Label `b' multiply defined.


LaTeX Warning: Label `sub@b' multiply defined.

) (./capitulo_3/capitulo_3.aux

LaTeX Warning: Label `<figure1>' multiply defined.


LaTeX Warning: Label `sub@<figure1>' multiply defined.


LaTeX Warning: Label `<figure2>' multiply defined.


LaTeX Warning: Label `sub@<figure2>' multiply defined.


LaTeX Warning: Label `<figure2>' multiply defined.


LaTeX Warning: Label `sub@<figure2>' multiply defined.


LaTeX Warning: Label `a' multiply defined.


LaTeX Warning: Label `sub@a' multiply defined.


LaTeX Warning: Label `b' multiply defined.


LaTeX Warning: Label `sub@b' multiply defined.

))
\openout1 = `main.aux'.

LaTeX Font Info:    Checking defaults for OML/cmm/m/it on input line 172.
LaTeX Font Info:    ... okay on input line 172.
LaTeX Font Info:    Checking defaults for T1/cmr/m/n on input line 172.
LaTeX Font Info:    ... okay on input line 172.
LaTeX Font Info:    Checking defaults for OT1/cmr/m/n on input line 172.
LaTeX Font Info:    ... okay on input line 172.
LaTeX Font Info:    Checking defaults for OMS/cmsy/m/n on input line 172.
LaTeX Font Info:    ... okay on input line 172.
LaTeX Font Info:    Checking defaults for OMX/cmex/m/n on input line 172.
LaTeX Font Info:    ... okay on input line 172.
LaTeX Font Info:    Checking defaults for U/cmr/m/n on input line 172.
LaTeX Font Info:    ... okay on input line 172.
LaTeX Font Info:    Checking defaults for PD1/pdf/m/n on input line 172.
LaTeX Font Info:    ... okay on input line 172.
LaTeX Font Info:    Try loading font information for T1+lmr on input line 172.
 (/usr/share/texmf/tex/latex/lm/t1lmr.fd
File: t1lmr.fd 2009/10/30 v1.6 Font defs for Latin Modern
)
\AtBeginShipoutBox=\box32
Package hyperref Info: Link coloring ON on input line 172.

(/usr/share/texlive/texmf-dist/tex/latex/hyperref/nameref.sty
Package: nameref 2016/05/21 v2.44 Cross-referencing by name of section

(/usr/share/texlive/texmf-dist/tex/generic/oberdiek/gettitlestring.sty
Package: gettitlestring 2016/05/16 v1.5 Cleanup title references (HO)
)
\c@section@level=\count267
)
Redoing nameref's sectioning
Redoing nameref's label
LaTeX Info: Redefining \nameref on input line 172.
LaTeX Info: Redefining \ref on input line 172.
LaTeX Info: Redefining \pageref on input line 172.
LaTeX Info: Redefining \nameref on input line 172.
LaTeX Info: Redefining \degres on input line 172.
LaTeX Info: Redefining \dots on input line 172.
LaTeX Info: Redefining \up on input line 172.
\myptabbox=\box33
\myptabboxwidth=\skip274
Package lastpage Info: Please have a look at the pageslts package at
(lastpage)             https://www.ctan.org/pkg/pageslts
(lastpage)             ! on input line 172.
(/usr/share/texlive/texmf-dist/tex/context/base/mkii/supp-pdf.mkii
[Loading MPS to PDF converter (version 2006.09.02).]
\scratchcounter=\count268
\scratchdimen=\dimen177
\scratchbox=\box34
\nofMPsegments=\count269
\nofMParguments=\count270
\everyMPshowfont=\toks35
\MPscratchCnt=\count271
\MPscratchDim=\dimen178
\MPnumerator=\count272
\makeMPintoPDFobject=\count273
\everyMPtoPDFconversion=\toks36
) (/usr/share/texlive/texmf-dist/tex/latex/oberdiek/epstopdf-base.sty
Package: epstopdf-base 2016/05/15 v2.6 Base part for package epstopdf

(/usr/share/texlive/texmf-dist/tex/latex/oberdiek/grfext.sty
Package: grfext 2016/05/16 v1.2 Manage graphics extensions (HO)
)
Package epstopdf-base Info: Redefining graphics rule for `.eps' on input line 4
38.
Package grfext Info: Graphics extension search list:
(grfext)             [.pdf,.png,.jpg,.mps,.jpeg,.jbig2,.jb2,.PDF,.PNG,.JPG,.JPE
G,.JBIG2,.JB2,.eps]
(grfext)             \AppendGraphicsExtensions on input line 456.

(/usr/share/texlive/texmf-dist/tex/latex/latexconfig/epstopdf-sys.cfg
File: epstopdf-sys.cfg 2010/07/13 v1.3 Configuration of (r)epstopdf for TeX Liv
e
))
LaTeX Info: Redefining \microtypecontext on input line 172.
Package microtype Info: Generating PDF output.
Package microtype Info: Character protrusion enabled (level 2).
Package microtype Info: Using default protrusion set `alltext'.
Package microtype Info: Automatic font expansion enabled (level 2),
(microtype)             stretch: 20, shrink: 20, step: 1, non-selected.
Package microtype Info: Using default expansion set `basictext'.
Package microtype Info: No adjustment of tracking.
Package microtype Info: No adjustment of interword spacing.
Package microtype Info: No adjustment of character kerning.

(/usr/share/texlive/texmf-dist/tex/latex/microtype/mt-cmr.cfg
File: mt-cmr.cfg 2013/05/19 v2.2 microtype config. file: Computer Modern Roman 
(RS)
)
Package caption Info: Begin \AtBeginDocument code.
Package caption Info: subfig package v1.3 is loaded.
Package caption Info: End \AtBeginDocument code.
LaTeX Font Info:    Try loading font information for T1+lmss on input line 185.


(/usr/share/texmf/tex/latex/lm/t1lmss.fd
File: t1lmss.fd 2009/10/30 v1.6 Font defs for Latin Modern
)
Package microtype Info: Loading generic protrusion settings for font family
(microtype)             `lmss' (encoding: T1).
(microtype)             For optimal results, create family-specific settings.
(microtype)             See the microtype manual for details.
 [1

{/var/lib/texmf/fonts/map/pdftex/updmap/pdftex.map}] [2

] (./main.lof
LaTeX Font Info:    Try loading font information for OT1+lmr on input line 2.
 (/usr/share/texmf/tex/latex/lm/ot1lmr.fd
File: ot1lmr.fd 2009/10/30 v1.6 Font defs for Latin Modern
)
LaTeX Font Info:    Try loading font information for OML+lmm on input line 2.

(/usr/share/texmf/tex/latex/lm/omllmm.fd
File: omllmm.fd 2009/10/30 v1.6 Font defs for Latin Modern
)
LaTeX Font Info:    Try loading font information for OMS+lmsy on input line 2.

(/usr/share/texmf/tex/latex/lm/omslmsy.fd
File: omslmsy.fd 2009/10/30 v1.6 Font defs for Latin Modern
)
LaTeX Font Info:    Try loading font information for OMX+lmex on input line 2.

(/usr/share/texmf/tex/latex/lm/omxlmex.fd
File: omxlmex.fd 2009/10/30 v1.6 Font defs for Latin Modern
)
LaTeX Font Info:    External font `lmex10' loaded for size
(Font)              <12> on input line 2.
LaTeX Font Info:    External font `lmex10' loaded for size
(Font)              <8> on input line 2.
LaTeX Font Info:    External font `lmex10' loaded for size
(Font)              <6> on input line 2.

Underfull \vbox (badness 7963) has occurred while \output is active []

pdfTeX warning (ext4): destination with the same identifier (name{page.1}) has 
been already used, duplicate ignored
<to be read again> 
                   \relax 
l.27 ...s radiais.\relax }}{33}{figure.caption.29}
                                                   [1

])pdfTeX warning (ext4): destination with the same identifier (name{page.2}) ha
s been already used, duplicate ignored
<to be read again> 
                   \relax 
l.200 \cleardoublepage
                       [2] (./main.toc
LaTeX Font Info:    Font shape `T1/lmss/m/it' in size <10.95> not available
(Font)              Font shape `T1/lmss/m/sl' tried instead on input line 17.
LaTeX Font Info:    Font shape `T1/lmss/m/it' in size <12> not available
(Font)              Font shape `T1/lmss/m/sl' tried instead on input line 28.
 [3

]) [4]
\openout2 = `capitulo_1/capitulo_1.aux'.

 (./capitulo_1/capitulo_1.tex
[5



]
LaTeX Font Info:    External font `lmex10' loaded for size
(Font)              <10> on input line 24.
LaTeX Font Info:    External font `lmex10' loaded for size
(Font)              <7> on input line 24.
LaTeX Font Info:    External font `lmex10' loaded for size
(Font)              <5> on input line 24.
<capitulo_1/explicitmodeling.jpg, id=281, 858.20625pt x 467.7475pt>
File: capitulo_1/explicitmodeling.jpg Graphic file (type jpg)
<use capitulo_1/explicitmodeling.jpg>
Package pdftex.def Info: capitulo_1/explicitmodeling.jpg  used on input line 29
.
(pdftex.def)             Requested size: 273.00278pt x 148.79723pt.

Underfull \vbox (badness 2096) has occurred while \output is active []

 [6]
<capitulo_1/incerteza_limites.jpg, id=309, 894.34125pt x 753.81625pt>
File: capitulo_1/incerteza_limites.jpg Graphic file (type jpg)
<use capitulo_1/incerteza_limites.jpg>
Package pdftex.def Info: capitulo_1/incerteza_limites.jpg  used on input line 4
3.
(pdftex.def)             Requested size: 273.00278pt x 230.10341pt.

[7 <./capitulo_1/explicitmodeling.jpg>]
Underfull \vbox (badness 10000) has occurred while \output is active []

 [8 <./capitulo_1/incerteza_limites.jpg>]
<capitulo_1/busto.jpg, id=353, 501.875pt x 282.05376pt>
File: capitulo_1/busto.jpg Graphic file (type jpg)
<use capitulo_1/busto.jpg>
Package pdftex.def Info: capitulo_1/busto.jpg  used on input line 65.
(pdftex.def)             Requested size: 273.00278pt x 153.43434pt.
<capitulo_1/implicit_modelig_pt_1.jpg, id=363, 1051.33832pt x 379.60768pt>
File: capitulo_1/implicit_modelig_pt_1.jpg Graphic file (type jpg)
<use capitulo_1/implicit_modelig_pt_1.jpg>
Package pdftex.def Info: capitulo_1/implicit_modelig_pt_1.jpg  used on input li
ne 75.
(pdftex.def)             Requested size: 455.0pt x 164.28812pt.
LaTeX Font Info:    Try loading font information for OMS+lmr on input line 80.
 (/usr/share/texmf/tex/latex/lm/omslmr.fd
File: omslmr.fd 2009/10/30 v1.6 Font defs for Latin Modern
)
LaTeX Font Info:    Font shape `OMS/lmr/m/it' in size <8> not available
(Font)              Font shape `OMS/lmsy/m/n' tried instead on input line 80.
LaTeX Font Info:    Font shape `OMS/lmr/m/n' in size <8> not available
(Font)              Font shape `OMS/lmsy/m/n' tried instead on input line 80.
)
Underfull \vbox (badness 10000) has occurred while \output is active []

 [9]
Underfull \vbox (badness 1281) has occurred while \output is active []

 [10 <./capitulo_1/busto.jpg> <./capitulo_1/implicit_modelig_pt_1.jpg>] [11]
\openout2 = `capitulo_2/capitulo_2.aux'.


(./capitulo_2/capitulo_2.tex [12



]
<capitulo_2/prop_hist.png, id=422, 1329.96875pt x 1393.205pt>
File: capitulo_2/prop_hist.png Graphic file (type png)
<use capitulo_2/prop_hist.png>
Package pdftex.def Info: capitulo_2/prop_hist.png  used on input line 14.
(pdftex.def)             Requested size: 227.5pt x 238.30856pt.
<capitulo_2/dados.jpeg, id=425, 1082.0425pt x 821.0675pt>
File: capitulo_2/dados.jpeg Graphic file (type jpg)
<use capitulo_2/dados.jpeg>
Package pdftex.def Info: capitulo_2/dados.jpeg  used on input line 24.
(pdftex.def)             Requested size: 364.00139pt x 276.20255pt.
 [13 <./capitulo_2/prop_hist.png>]
<capitulo_2/inddf1.jpeg, id=435, 1082.0425pt x 821.0675pt>
File: capitulo_2/inddf1.jpeg Graphic file (type jpg)
<use capitulo_2/inddf1.jpeg>
Package pdftex.def Info: capitulo_2/inddf1.jpeg  used on input line 49.
(pdftex.def)             Requested size: 136.50139pt x 103.57281pt.
<capitulo_2/inddf2.jpeg, id=436, 1082.0425pt x 821.0675pt>
File: capitulo_2/inddf2.jpeg Graphic file (type jpg)
<use capitulo_2/inddf2.jpeg>
Package pdftex.def Info: capitulo_2/inddf2.jpeg  used on input line 50.
(pdftex.def)             Requested size: 136.50139pt x 103.57281pt.
<capitulo_2/inddf3.jpeg, id=437, 1082.0425pt x 821.0675pt>
File: capitulo_2/inddf3.jpeg Graphic file (type jpg)
<use capitulo_2/inddf3.jpeg>
Package pdftex.def Info: capitulo_2/inddf3.jpeg  used on input line 51.
(pdftex.def)             Requested size: 136.50139pt x 103.57281pt.
 [14 <./capitulo_2/dados.jpeg>]
<capitulo_2/2d_ex.jpg, id=446, 1469.49pt x 1050.92625pt>
File: capitulo_2/2d_ex.jpg Graphic file (type jpg)
<use capitulo_2/2d_ex.jpg>
Package pdftex.def Info: capitulo_2/2d_ex.jpg  used on input line 59.
(pdftex.def)             Requested size: 273.00278pt x 195.23615pt.
<capitulo_2/df1.jpeg, id=448, 1082.0425pt x 821.0675pt>
File: capitulo_2/df1.jpeg Graphic file (type jpg)
<use capitulo_2/df1.jpeg>
Package pdftex.def Info: capitulo_2/df1.jpeg  used on input line 80.
(pdftex.def)             Requested size: 136.50139pt x 103.57281pt.
<capitulo_2/df2.jpeg, id=449, 1082.0425pt x 821.0675pt>
File: capitulo_2/df2.jpeg Graphic file (type jpg)
<use capitulo_2/df2.jpeg>
Package pdftex.def Info: capitulo_2/df2.jpeg  used on input line 81.
(pdftex.def)             Requested size: 136.50139pt x 103.57281pt.
<capitulo_2/df3.jpeg, id=450, 1082.0425pt x 821.0675pt>
File: capitulo_2/df3.jpeg Graphic file (type jpg)
<use capitulo_2/df3.jpeg>
Package pdftex.def Info: capitulo_2/df3.jpeg  used on input line 82.
(pdftex.def)             Requested size: 136.50139pt x 103.57281pt.
 [15 <./capitulo_2/inddf1.jpeg> <./capitulo_2/inddf2.jpeg> <./capitulo_2/inddf3
.jpeg> <./capitulo_2/2d_ex.jpg>]
LaTeX Font Info:    Font shape `OMS/lmr/m/n' in size <12> not available
(Font)              Font shape `OMS/lmsy/m/n' tried instead on input line 105.
 [16 <./capitulo_2/df1.jpeg> <./capitulo_2/df2.jpeg> <./capitulo_2/df3.jpeg>]

LaTeX Warning: No positions in optional float specifier.
               Default added (so using `tbp') on input line 116.

<capitulo_2/var_DF_1.png, id=479, 1882.03125pt x 1342.01375pt>
File: capitulo_2/var_DF_1.png Graphic file (type png)
<use capitulo_2/var_DF_1.png>
Package pdftex.def Info: capitulo_2/var_DF_1.png  used on input line 132.
(pdftex.def)             Requested size: 136.50139pt x 97.32933pt.
<capitulo_2/var_DF_2.png, id=480, 1882.03125pt x 1342.01375pt>
File: capitulo_2/var_DF_2.png Graphic file (type png)
<use capitulo_2/var_DF_2.png>
Package pdftex.def Info: capitulo_2/var_DF_2.png  used on input line 133.
(pdftex.def)             Requested size: 136.50139pt x 97.32933pt.
<capitulo_2/var_DF_3.png, id=481, 1882.03125pt x 1342.01375pt>
File: capitulo_2/var_DF_3.png Graphic file (type png)
<use capitulo_2/var_DF_3.png>
Package pdftex.def Info: capitulo_2/var_DF_3.png  used on input line 134.
(pdftex.def)             Requested size: 136.50139pt x 97.32933pt.

Underfull \vbox (badness 7256) has occurred while \output is active []

 [17 <./capitulo_2/var_DF_1.png> <./capitulo_2/var_DF_2.png> <./capitulo_2/var_
DF_3.png>]
<capitulo_2/var_Ind_DF_1.png, id=499, 1882.03125pt x 1344.02126pt>
File: capitulo_2/var_Ind_DF_1.png Graphic file (type png)
<use capitulo_2/var_Ind_DF_1.png>
Package pdftex.def Info: capitulo_2/var_Ind_DF_1.png  used on input line 159.
(pdftex.def)             Requested size: 136.50139pt x 97.47493pt.
<capitulo_2/var_Ind_DF_2.png, id=500, 1882.03125pt x 1344.02126pt>
File: capitulo_2/var_Ind_DF_2.png Graphic file (type png)
<use capitulo_2/var_Ind_DF_2.png>
Package pdftex.def Info: capitulo_2/var_Ind_DF_2.png  used on input line 160.
(pdftex.def)             Requested size: 136.50139pt x 97.47493pt.
<capitulo_2/var_Ind_DF_3.png, id=501, 1882.03125pt x 1344.02126pt>
File: capitulo_2/var_Ind_DF_3.png Graphic file (type png)
<use capitulo_2/var_Ind_DF_3.png>
Package pdftex.def Info: capitulo_2/var_Ind_DF_3.png  used on input line 161.
(pdftex.def)             Requested size: 136.50139pt x 97.47493pt.

[18 <./capitulo_2/var_Ind_DF_1.png> <./capitulo_2/var_Ind_DF_2.png> <./capitulo
_2/var_Ind_DF_3.png>]
<capitulo_2/cov_table.png, id=523, 487.8225pt x 316.93407pt>
File: capitulo_2/cov_table.png Graphic file (type png)
<use capitulo_2/cov_table.png>
Package pdftex.def Info: capitulo_2/cov_table.png  used on input line 188.
(pdftex.def)             Requested size: 318.49861pt x 206.92838pt.
 [19 <./capitulo_2/cov_table.png>]
<capitulo_2/grid_res.png, id=537, 348.55219pt x 365.11406pt>
File: capitulo_2/grid_res.png Graphic file (type png)
<use capitulo_2/grid_res.png>
Package pdftex.def Info: capitulo_2/grid_res.png  used on input line 208.
(pdftex.def)             Requested size: 273.00278pt x 285.99118pt.
 [20 <./capitulo_2/grid_res.png>]

LaTeX Warning: No positions in optional float specifier.
               Default added (so using `tbp') on input line 219.

<capitulo_2/coarserxz.png, id=552, 4942.465pt x 2212.265pt>
File: capitulo_2/coarserxz.png Graphic file (type png)
<use capitulo_2/coarserxz.png>
Package pdftex.def Info: capitulo_2/coarserxz.png  used on input line 240.
(pdftex.def)             Requested size: 364.00139pt x 162.90839pt.
<capitulo_2/finerxz.png, id=553, 4942.465pt x 2232.34pt>
File: capitulo_2/finerxz.png Graphic file (type png)
<use capitulo_2/finerxz.png>
Package pdftex.def Info: capitulo_2/finerxz.png  used on input line 243.
(pdftex.def)             Requested size: 364.00139pt x 164.38669pt.
[21]
Underfull \vbox (badness 2961) has occurred while \output is active []

 [22 <./capitulo_2/coarserxz.png> <./capitulo_2/finerxz.png>]
<capitulo_2/kt3d40.jpeg, id=592, 1082.0425pt x 821.0675pt>
File: capitulo_2/kt3d40.jpeg Graphic file (type jpg)
<use capitulo_2/kt3d40.jpeg>
Package pdftex.def Info: capitulo_2/kt3d40.jpeg  used on input line 262.
(pdftex.def)             Requested size: 136.50139pt x 103.57281pt.
<capitulo_2/kt3d100.jpeg, id=593, 1082.0425pt x 821.0675pt>
File: capitulo_2/kt3d100.jpeg Graphic file (type jpg)
<use capitulo_2/kt3d100.jpeg>
Package pdftex.def Info: capitulo_2/kt3d100.jpeg  used on input line 263.
(pdftex.def)             Requested size: 136.50139pt x 103.57281pt.
<capitulo_2/rbf.jpeg, id=594, 1082.0425pt x 821.0675pt>
File: capitulo_2/rbf.jpeg Graphic file (type jpg)
<use capitulo_2/rbf.jpeg>
Package pdftex.def Info: capitulo_2/rbf.jpeg  used on input line 264.
(pdftex.def)             Requested size: 136.50139pt x 103.57281pt.


LaTeX Warning: No positions in optional float specifier.
               Default added (so using `tbp') on input line 273.

[23 <./capitulo_2/kt3d40.jpeg> <./capitulo_2/kt3d100.jpeg> <./capitulo_2/rbf.jp
eg>] [24]
<capitulo_2/pou.jpg, id=638, 809.0225pt x 301.125pt>
File: capitulo_2/pou.jpg Graphic file (type jpg)
<use capitulo_2/pou.jpg>
Package pdftex.def Info: capitulo_2/pou.jpg  used on input line 326.
(pdftex.def)             Requested size: 318.49861pt x 118.5502pt.
 [25 <./capitulo_2/pou.jpg>]
<capitulo_2/isokt3d40.jpeg, id=659, 1082.0425pt x 821.0675pt>
File: capitulo_2/isokt3d40.jpeg Graphic file (type jpg)
<use capitulo_2/isokt3d40.jpeg>
Package pdftex.def Info: capitulo_2/isokt3d40.jpeg  used on input line 347.
(pdftex.def)             Requested size: 136.50139pt x 103.57281pt.
<capitulo_2/isokt3dn100.jpeg, id=660, 1082.0425pt x 821.0675pt>
File: capitulo_2/isokt3dn100.jpeg Graphic file (type jpg)
<use capitulo_2/isokt3dn100.jpeg>
Package pdftex.def Info: capitulo_2/isokt3dn100.jpeg  used on input line 348.
(pdftex.def)             Requested size: 136.50139pt x 103.57281pt.
<capitulo_2/isorbf.jpeg, id=661, 1082.0425pt x 821.0675pt>
File: capitulo_2/isorbf.jpeg Graphic file (type jpg)
<use capitulo_2/isorbf.jpeg>
Package pdftex.def Info: capitulo_2/isorbf.jpeg  used on input line 349.
(pdftex.def)             Requested size: 136.50139pt x 103.57281pt.
<capitulo_2/iso_cat1_rbf.jpeg, id=664, 1113.15875pt x 821.0675pt>
File: capitulo_2/iso_cat1_rbf.jpeg Graphic file (type jpg)
<use capitulo_2/iso_cat1_rbf.jpeg>
Package pdftex.def Info: capitulo_2/iso_cat1_rbf.jpeg  used on input line 359.
(pdftex.def)             Requested size: 227.5pt x 167.80626pt.
<capitulo_2/iso_cat1_rbf2.jpeg, id=665, 1113.15875pt x 821.0675pt>
File: capitulo_2/iso_cat1_rbf2.jpeg Graphic file (type jpg)
<use capitulo_2/iso_cat1_rbf2.jpeg>
Package pdftex.def Info: capitulo_2/iso_cat1_rbf2.jpeg  used on input line 360.

(pdftex.def)             Requested size: 227.5pt x 167.80626pt.
<capitulo_2/iso_cat2_rbf.jpeg, id=666, 1113.15875pt x 821.0675pt>
File: capitulo_2/iso_cat2_rbf.jpeg Graphic file (type jpg)
<use capitulo_2/iso_cat2_rbf.jpeg>
Package pdftex.def Info: capitulo_2/iso_cat2_rbf.jpeg  used on input line 366.
(pdftex.def)             Requested size: 227.5pt x 167.80626pt.
<capitulo_2/iso_cat2_rbr2.jpeg, id=667, 1113.15875pt x 821.0675pt>
File: capitulo_2/iso_cat2_rbr2.jpeg Graphic file (type jpg)
<use capitulo_2/iso_cat2_rbr2.jpeg>
Package pdftex.def Info: capitulo_2/iso_cat2_rbr2.jpeg  used on input line 367.

(pdftex.def)             Requested size: 227.5pt x 167.80626pt.
 [26 <./capitulo_2/isokt3d40.jpeg> <./capitulo_2/isokt3dn100.jpeg> <./capitulo_
2/isorbf.jpeg> <./capitulo_2/iso_cat1_rbf.jpeg> <./capitulo_2/iso_cat1_rbf2.jpe
g>] [27 <./capitulo_2/iso_cat2_rbf.jpeg> <./capitulo_2/iso_cat2_rbr2.jpeg>]
<capitulo_2/mult_cat_legenda.jpg, id=697, 658.46pt x 288.07625pt>
File: capitulo_2/mult_cat_legenda.jpg Graphic file (type jpg)
<use capitulo_2/mult_cat_legenda.jpg>
Package pdftex.def Info: capitulo_2/mult_cat_legenda.jpg  used on input line 41
3.
(pdftex.def)             Requested size: 364.00139pt x 159.25562pt.
<capitulo_2/anisofinexz.png, id=703, 4942.465pt x 2232.34pt>
File: capitulo_2/anisofinexz.png Graphic file (type png)
<use capitulo_2/anisofinexz.png>
Package pdftex.def Info: capitulo_2/anisofinexz.png  used on input line 424.
(pdftex.def)             Requested size: 364.00139pt x 164.38669pt.
<capitulo_2/anisofineryz.png, id=704, 4942.465pt x 2212.265pt>
File: capitulo_2/anisofineryz.png Graphic file (type png)
<use capitulo_2/anisofineryz.png>
Package pdftex.def Info: capitulo_2/anisofineryz.png  used on input line 427.
(pdftex.def)             Requested size: 364.00139pt x 162.90839pt.
 [28 <./capitulo_2/mult_cat_legenda.jpg>]
[29 <./capitulo_2/anisofinexz.png> <./capitulo_2/anisofineryz.png>]
<capitulo_2/lvakrig.jpg, id=725, 729.72626pt x 730.73pt>
File: capitulo_2/lvakrig.jpg Graphic file (type jpg)
<use capitulo_2/lvakrig.jpg>
Package pdftex.def Info: capitulo_2/lvakrig.jpg  used on input line 446.
(pdftex.def)             Requested size: 136.50139pt x 136.68819pt.
LaTeX Font Info:    Try loading font information for T1+lmtt on input line 453.


(/usr/share/texmf/tex/latex/lm/t1lmtt.fd
File: t1lmtt.fd 2009/10/30 v1.6 Font defs for Latin Modern
)
Package microtype Info: Loading generic protrusion settings for font family
(microtype)             `lmtt' (encoding: T1).
(microtype)             For optimal results, create family-specific settings.
(microtype)             See the microtype manual for details.
<capitulo_2/lva_krig.jpeg, id=735, 1037.8775pt x 821.0675pt>
File: capitulo_2/lva_krig.jpeg Graphic file (type jpg)
<use capitulo_2/lva_krig.jpeg>
Package pdftex.def Info: capitulo_2/lva_krig.jpeg  used on input line 460.
(pdftex.def)             Requested size: 227.5pt x 179.97139pt.
<capitulo_2/lva_krig_100000.jpeg, id=736, 1037.8775pt x 821.0675pt>
File: capitulo_2/lva_krig_100000.jpeg Graphic file (type jpg)
<use capitulo_2/lva_krig_100000.jpeg>
Package pdftex.def Info: capitulo_2/lva_krig_100000.jpeg  used on input line 46
1.
(pdftex.def)             Requested size: 227.5pt x 179.97139pt.
 [30 <./capitulo_2/lvakrig.jpg>]
<capitulo_2/lvarbf.jpg, id=749, 733.74126pt x 734.745pt>
File: capitulo_2/lvarbf.jpg Graphic file (type jpg)
<use capitulo_2/lvarbf.jpg>
Package pdftex.def Info: capitulo_2/lvarbf.jpg  used on input line 473.
(pdftex.def)             Requested size: 136.50139pt x 136.68806pt.
<capitulo_2/rbf_iterref.jpeg, id=755, 1037.8775pt x 821.0675pt>
File: capitulo_2/rbf_iterref.jpeg Graphic file (type jpg)
<use capitulo_2/rbf_iterref.jpeg>
Package pdftex.def Info: capitulo_2/rbf_iterref.jpeg  used on input line 483.
(pdftex.def)             Requested size: 227.5pt x 179.97139pt.

[31 <./capitulo_2/lva_krig.jpeg> <./capitulo_2/lva_krig_100000.jpeg> <./capitul
o_2/lvarbf.jpg>]
<capitulo_2/iterref.jpg, id=765, 1760.5775pt x 1628.0825pt>
File: capitulo_2/iterref.jpg Graphic file (type jpg)
<use capitulo_2/iterref.jpg>
Package pdftex.def Info: capitulo_2/iterref.jpg  used on input line 499.
(pdftex.def)             Requested size: 318.49861pt x 294.50792pt.
 [32 <./capitulo_2/rbf_iterref.jpeg>]
Underfull \vbox (badness 3209) has occurred while \output is active []

 [33 <./capitulo_2/iterref.jpg>]
<capitulo_2/secoes.jpg, id=788, 1151.30125pt x 643.40375pt>
File: capitulo_2/secoes.jpg Graphic file (type jpg)
<use capitulo_2/secoes.jpg>
Package pdftex.def Info: capitulo_2/secoes.jpg  used on input line 519.
(pdftex.def)             Requested size: 364.00139pt x 203.41939pt.
<capitulo_2/modelo_mls.jpg, id=789, 1325.95375pt x 708.6475pt>
File: capitulo_2/modelo_mls.jpg Graphic file (type jpg)
<use capitulo_2/modelo_mls.jpg>
Package pdftex.def Info: capitulo_2/modelo_mls.jpg  used on input line 522.
(pdftex.def)             Requested size: 364.00139pt x 194.53806pt.

Underfull \vbox (badness 10000) has occurred while \output is active []

 [34 <./capitulo_2/secoes.jpg> <./capitulo_2/modelo_mls.jpg>]
<capitulo_2/softmax_bars_final.jpg, id=810, 1081.03876pt x 290.08376pt>
File: capitulo_2/softmax_bars_final.jpg Graphic file (type jpg)
<use capitulo_2/softmax_bars_final.jpg>
Package pdftex.def Info: capitulo_2/softmax_bars_final.jpg  used on input line 
553.
(pdftex.def)             Requested size: 318.49861pt x 85.4633pt.
 [35]
<capitulo_2/xz_30.png, id=824, 5151.245pt x 2232.34pt>
File: capitulo_2/xz_30.png Graphic file (type png)
<use capitulo_2/xz_30.png>
Package pdftex.def Info: capitulo_2/xz_30.png  used on input line 564.
(pdftex.def)             Requested size: 364.00139pt x 157.7104pt.
<capitulo_2/xz_50.png, id=825, 5163.29pt x 2232.34pt>
File: capitulo_2/xz_50.png Graphic file (type png)
<use capitulo_2/xz_50.png>
Package pdftex.def Info: capitulo_2/xz_50.png  used on input line 567.
(pdftex.def)             Requested size: 364.00139pt x 157.36977pt.
LaTeX Font Info:    Font shape `T1/lmss/m/it' in size <14.4> not available
(Font)              Font shape `T1/lmss/m/sl' tried instead on input line 573.
<capitulo_2/BS_DF_1.png, id=831, 1849.91125pt x 1337.99875pt>
File: capitulo_2/BS_DF_1.png Graphic file (type png)
<use capitulo_2/BS_DF_1.png>
Package pdftex.def Info: capitulo_2/BS_DF_1.png  used on input line 580.
(pdftex.def)             Requested size: 227.5pt x 164.53407pt.
 [36 <./capitulo_2/softmax_bars_final.jpg>]

LaTeX Warning: Text page 37 contains only floats.


Overfull \vbox (3.44983pt too high) has occurred while \output is active []


[37 <./capitulo_2/xz_30.png> <./capitulo_2/xz_50.png> <./capitulo_2/BS_DF_1.png
>]

LaTeX Warning: No positions in optional float specifier.
               Default added (so using `tbp') on input line 593.

[38]
<capitulo_2/u_coef.png, id=866, 5008.7125pt x 2232.34pt>
File: capitulo_2/u_coef.png Graphic file (type png)
<use capitulo_2/u_coef.png>
Package pdftex.def Info: capitulo_2/u_coef.png  used on input line 630.
(pdftex.def)             Requested size: 364.00139pt x 162.20668pt.
<capitulo_2/Ucutoff1.png, id=868, 5050.87pt x 2232.34pt>
File: capitulo_2/Ucutoff1.png Graphic file (type png)
<use capitulo_2/Ucutoff1.png>
Package pdftex.def Info: capitulo_2/Ucutoff1.png  used on input line 640.
(pdftex.def)             Requested size: 136.50139pt x 60.32507pt.
<capitulo_2/Ucutoff2.png, id=869, 5050.87pt x 2232.34pt>
File: capitulo_2/Ucutoff2.png Graphic file (type png)
<use capitulo_2/Ucutoff2.png>
Package pdftex.def Info: capitulo_2/Ucutoff2.png  used on input line 641.
(pdftex.def)             Requested size: 136.50139pt x 60.32507pt.
<capitulo_2/ucutoff3.png, id=870, 5050.87pt x 2232.34pt>
File: capitulo_2/ucutoff3.png Graphic file (type png)
<use capitulo_2/ucutoff3.png>
Package pdftex.def Info: capitulo_2/ucutoff3.png  used on input line 642.
(pdftex.def)             Requested size: 136.50139pt x 60.32507pt.
<capitulo_2/directsimreal1.png, id=872, 4942.465pt x 2212.265pt>
File: capitulo_2/directsimreal1.png Graphic file (type png)
<use capitulo_2/directsimreal1.png>
Package pdftex.def Info: capitulo_2/directsimreal1.png  used on input line 653.

(pdftex.def)             Requested size: 364.00139pt x 162.90839pt.
<capitulo_2/directsimreal2.png, id=873, 4942.465pt x 2212.265pt>
File: capitulo_2/directsimreal2.png Graphic file (type png)
<use capitulo_2/directsimreal2.png>
Package pdftex.def Info: capitulo_2/directsimreal2.png  used on input line 656.

(pdftex.def)             Requested size: 364.00139pt x 162.90839pt.
 [39 <./capitulo_2/u_coef.png> <./capitulo_2/Ucutoff1.png> <./capitulo_2/Ucutof
f2.png> <./capitulo_2/ucutoff3.png>] [40 <./capitulo_2/directsimreal1.png> <./c
apitulo_2/directsimreal2.png>]
<capitulo_2/snesim_real1.png, id=913, 4942.465pt x 2232.34pt>
File: capitulo_2/snesim_real1.png Graphic file (type png)
<use capitulo_2/snesim_real1.png>
Package pdftex.def Info: capitulo_2/snesim_real1.png  used on input line 686.
(pdftex.def)             Requested size: 364.00139pt x 164.38669pt.
<capitulo_2/snesim_real2.png, id=914, 4942.465pt x 2232.34pt>
File: capitulo_2/snesim_real2.png Graphic file (type png)
<use capitulo_2/snesim_real2.png>
Package pdftex.def Info: capitulo_2/snesim_real2.png  used on input line 689.
(pdftex.def)             Requested size: 364.00139pt x 164.38669pt.
 [41]
<capitulo_2/uncert_1.png, id=937, 1364.09625pt x 841.1425pt>
File: capitulo_2/uncert_1.png Graphic file (type png)
<use capitulo_2/uncert_1.png>
Package pdftex.def Info: capitulo_2/uncert_1.png  used on input line 710.
(pdftex.def)             Requested size: 273.00278pt x 168.34103pt.

Underfull \vbox (badness 10000) has occurred while \output is active []

 [42 <./capitulo_2/snesim_real1.png> <./capitulo_2/snesim_real2.png>]
<capitulo_2/classificacao.png, id=952, 423.83344pt x 190.46156pt>
File: capitulo_2/classificacao.png Graphic file (type png)
<use capitulo_2/classificacao.png>
Package pdftex.def Info: capitulo_2/classificacao.png  used on input line 729.
(pdftex.def)             Requested size: 364.00139pt x 163.58157pt.
 [43 <./capitulo_2/uncert_1.png>]
<capitulo_2/interpolated.jpeg, id=964, 1113.15875pt x 821.0675pt>
File: capitulo_2/interpolated.jpeg Graphic file (type jpg)
<use capitulo_2/interpolated.jpeg>
Package pdftex.def Info: capitulo_2/interpolated.jpeg  used on input line 749.
(pdftex.def)             Requested size: 136.50139pt x 100.67874pt.
<capitulo_2/simulated.jpeg, id=965, 1113.15875pt x 821.0675pt>
File: capitulo_2/simulated.jpeg Graphic file (type jpg)
<use capitulo_2/simulated.jpeg>
Package pdftex.def Info: capitulo_2/simulated.jpeg  used on input line 750.
(pdftex.def)             Requested size: 136.50139pt x 100.67874pt.
<capitulo_2/classification.jpeg, id=966, 1113.15875pt x 821.0675pt>
File: capitulo_2/classification.jpeg Graphic file (type jpg)
<use capitulo_2/classification.jpeg>
Package pdftex.def Info: capitulo_2/classification.jpeg  used on input line 751
.
(pdftex.def)             Requested size: 136.50139pt x 100.67874pt.
<capitulo_2/cpar1.png, id=968, 4942.465pt x 2232.34pt>
File: capitulo_2/cpar1.png Graphic file (type png)
<use capitulo_2/cpar1.png>
Package pdftex.def Info: capitulo_2/cpar1.png  used on input line 760.
(pdftex.def)             Requested size: 364.00139pt x 164.38669pt.
<capitulo_2/cparyz.png, id=969, 4942.465pt x 2212.265pt>
File: capitulo_2/cparyz.png Graphic file (type png)
<use capitulo_2/cparyz.png>
Package pdftex.def Info: capitulo_2/cparyz.png  used on input line 763.
(pdftex.def)             Requested size: 364.00139pt x 162.90839pt.

Underfull \vbox (badness 10000) has occurred while \output is active []

 [44 <./capitulo_2/classificacao.png> <./capitulo_2/interpolated.jpeg> <./capit
ulo_2/simulated.jpeg> <./capitulo_2/classification.jpeg>]
<capitulo_2/hier_example.png, id=981, 587.94656pt x 164.11313pt>
File: capitulo_2/hier_example.png Graphic file (type png)
<use capitulo_2/hier_example.png>
Package pdftex.def Info: capitulo_2/hier_example.png  used on input line 774.
(pdftex.def)             Requested size: 409.49722pt x 114.30243pt.
 [45 <./capitulo_2/cpar1.png> <./capitulo_2/cparyz.png>]) [46 <./capitulo_2/hie
r_example.png>]
\openout2 = `capitulo_3/capitulo_3.aux'.


(./capitulo_3/capitulo_3.tex [47



] [48]
<capitulo_3/actual.png, id=1026, 306.14375pt x 278.03876pt>
File: capitulo_3/actual.png Graphic file (type png)
<use capitulo_3/actual.png>
Package pdftex.def Info: capitulo_3/actual.png  used on input line 37.
(pdftex.def)             Requested size: 136.50139pt x 123.9708pt.
<capitulo_3/krig.png, id=1027, 306.14375pt x 278.03876pt>
File: capitulo_3/krig.png Graphic file (type png)
<use capitulo_3/krig.png>
Package pdftex.def Info: capitulo_3/krig.png  used on input line 38.
(pdftex.def)             Requested size: 136.50139pt x 123.9708pt.
<capitulo_3/ml.png, id=1028, 306.14375pt x 278.03876pt>
File: capitulo_3/ml.png Graphic file (type png)
<use capitulo_3/ml.png>
Package pdftex.def Info: capitulo_3/ml.png  used on input line 39.
(pdftex.def)             Requested size: 136.50139pt x 123.9708pt.
<capitulo_3/neuronio.jpg, id=1036, 401.5pt x 400.49625pt>
File: capitulo_3/neuronio.jpg Graphic file (type jpg)
<use capitulo_3/neuronio.jpg>
Package pdftex.def Info: capitulo_3/neuronio.jpg  used on input line 48.
(pdftex.def)             Requested size: 136.50139pt x 136.16081pt.
 [49 <./capitulo_3/actual.png> <./capitulo_3/krig.png> <./capitulo_3/ml.png> <.
/capitulo_3/neuronio.jpg>]
<capitulo_3/NN_ex.png, id=1054, 883.3pt x 436.63126pt>
File: capitulo_3/NN_ex.png Graphic file (type png)
<use capitulo_3/NN_ex.png>
Package pdftex.def Info: capitulo_3/NN_ex.png  used on input line 60.
(pdftex.def)             Requested size: 318.49861pt x 157.44029pt.

Underfull \vbox (badness 8170) has occurred while \output is active []

 [50 <./capitulo_3/NN_ex.png>]
<capitulo_3/bloco1.jpg, id=1075, 481.8pt x 290.08376pt>
File: capitulo_3/bloco1.jpg Graphic file (type jpg)
<use capitulo_3/bloco1.jpg>
Package pdftex.def Info: capitulo_3/bloco1.jpg  used on input line 87.
(pdftex.def)             Requested size: 227.5pt x 136.97234pt.
<capitulo_3/bloco2.jpg, id=1076, 481.8pt x 290.08376pt>
File: capitulo_3/bloco2.jpg Graphic file (type jpg)
<use capitulo_3/bloco2.jpg>
Package pdftex.def Info: capitulo_3/bloco2.jpg  used on input line 88.
(pdftex.def)             Requested size: 227.5pt x 136.97234pt.
<capitulo_3/entropy_20.png, id=1080, 5102.06125pt x 2232.34pt>
File: capitulo_3/entropy_20.png Graphic file (type png)
<use capitulo_3/entropy_20.png>
Package pdftex.def Info: capitulo_3/entropy_20.png  used on input line 99.
(pdftex.def)             Requested size: 364.00139pt x 159.24323pt.
<capitulo_3/entropy_10.png, id=1081, 5103.065pt x 2232.34pt>
File: capitulo_3/entropy_10.png Graphic file (type png)
<use capitulo_3/entropy_10.png>
Package pdftex.def Info: capitulo_3/entropy_10.png  used on input line 102.
(pdftex.def)             Requested size: 364.00139pt x 159.20915pt.
 [51]
<capitulo_3/calib100.png, id=1089, 399.4925pt x 279.0425pt>
File: capitulo_3/calib100.png Graphic file (type png)
<use capitulo_3/calib100.png>
Package pdftex.def Info: capitulo_3/calib100.png  used on input line 111.
(pdftex.def)             Requested size: 318.49861pt x 222.48065pt.
 [52 <./capitulo_3/bloco1.jpg> <./capitulo_3/bloco2.jpg>]
<capitulo_3/classificacao_multi.jpg, id=1098, 428.29485pt x 192.46642pt>
File: capitulo_3/classificacao_multi.jpg Graphic file (type jpg)
<use capitulo_3/classificacao_multi.jpg>
Package pdftex.def Info: capitulo_3/classificacao_multi.jpg  used on input line
 129.
(pdftex.def)             Requested size: 364.00139pt x 163.57664pt.
 [53 <./capitulo_3/entropy_20.png> <./capitulo_3/entropy_10.png>]
Underfull \vbox (badness 2096) has occurred while \output is active []

 [54 <./capitulo_3/calib100.png> <./capitulo_3/classificacao_multi.jpg>]
<capitulo_3/gauss_trunc_sketch.png, id=1122, 374.90062pt x 168.63pt>
File: capitulo_3/gauss_trunc_sketch.png Graphic file (type png)
<use capitulo_3/gauss_trunc_sketch.png>
Package pdftex.def Info: capitulo_3/gauss_trunc_sketch.png  used on input line 
147.
(pdftex.def)             Requested size: 227.5pt x 102.33151pt.
<capitulo_3/pluri_sketch.png, id=1131, 304.88907pt x 281.55188pt>
File: capitulo_3/pluri_sketch.png Graphic file (type png)
<use capitulo_3/pluri_sketch.png>
Package pdftex.def Info: capitulo_3/pluri_sketch.png  used on input line 157.
(pdftex.def)             Requested size: 227.5pt x 210.09364pt.
<capitulo_3/trunc_rules.png, id=1140, 572.89032pt x 246.1697pt>
File: capitulo_3/trunc_rules.png Graphic file (type png)
<use capitulo_3/trunc_rules.png>
Package pdftex.def Info: capitulo_3/trunc_rules.png  used on input line 167.
(pdftex.def)             Requested size: 227.5pt x 97.7562pt.
 [55 <./capitulo_3/gauss_trunc_sketch.png>]
Underfull \vbox (badness 2277) has occurred while \output is active []

 [56 <./capitulo_3/pluri_sketch.png> <./capitulo_3/trunc_rules.png>]
<capitulo_3/trunc_rules_prop.jpg, id=1187, 1027.84pt x 770.88pt>
File: capitulo_3/trunc_rules_prop.jpg Graphic file (type jpg)
<use capitulo_3/trunc_rules_prop.jpg>
Package pdftex.def Info: capitulo_3/trunc_rules_prop.jpg  used on input line 19
1.
(pdftex.def)             Requested size: 273.00278pt x 204.75273pt.
 [57 <./capitulo_3/trunc_rules_prop.jpg>]
<capitulo_3/blob.jpg, id=1204, 662.08646pt x 445.27646pt>
File: capitulo_3/blob.jpg Graphic file (type jpg)
<use capitulo_3/blob.jpg>
Package pdftex.def Info: capitulo_3/blob.jpg  used on input line 209.
(pdftex.def)             Requested size: 318.49861pt x 214.20587pt.
 [58 <./capitulo_3/blob.jpg>]
<capitulo_3/cronograma_novo.png, id=1212, 944.02687pt x 197.23688pt>
File: capitulo_3/cronograma_novo.png Graphic file (type png)
<use capitulo_3/cronograma_novo.png>
Package pdftex.def Info: capitulo_3/cronograma_novo.png  used on input line 223
.
(pdftex.def)             Requested size: 455.0pt x 95.06386pt.
) [59 <./capitulo_3/cronograma_novo.png>] (./main.bbl (./main.brf)
\tf@brf=\write5
\openout5 = `main.brf'.

 [60


]

Package hyperref Warning: Token not allowed in a PDF string (PDFDocEncoding):
(hyperref)                removing `\uppercase' on input line 3.

bibitemlist
[61] [62] [63] [64]) 
AED: lastpage setting LastPage
[65]
\tf@lof=\write6
\openout6 = `main.lof'.

\tf@toc=\write7
\openout7 = `main.toc'.

Package atveryend Info: Empty hook `BeforeClearDocument' on input line 315.
Package atveryend Info: Empty hook `AfterLastShipout' on input line 315.
 (./main.aux (./capitulo_1/capitulo_1.aux) (./capitulo_2/capitulo_2.aux)
(./capitulo_3/capitulo_3.aux))
Package atveryend Info: Executing hook `AtVeryEndDocument' on input line 315.
Package atveryend Info: Executing hook `AtEndAfterFileList' on input line 315.
Package rerunfilecheck Info: File `main.brf' has not changed.
(rerunfilecheck)             Checksum: 5D69AB2E250CF9D2C174E6B5B624A51C;8943.


LaTeX Warning: There were multiply-defined labels.

Package atveryend Info: Empty hook `AtVeryVeryEnd' on input line 315.
 ) 
Here is how much of TeX's memory you used:
 17624 strings out of 492982
 275850 string characters out of 6134897
 541918 words of memory out of 5000000
 20324 multiletter control sequences out of 15000+600000
 101321 words of font info for 152 fonts, out of 8000000 for 9000
 1141 hyphenation exceptions out of 8191
 47i,13n,51p,1677b,694s stack positions out of 5000i,500n,10000p,200000b,80000s
{/usr/share/texmf/fonts/enc/dvips/lm/lm-rm.enc}{/usr/share/texmf/fonts/enc/dv
ips/lm/lm-mathit.enc}{/usr/share/texmf/fonts/enc/dvips/lm/lm-ec.enc}{/usr/share
/texmf/fonts/enc/dvips/lm/lm-mathsy.enc}{/usr/share/texmf/fonts/enc/dvips/lm/lm
-mathex.enc}</usr/share/texmf/fonts/type1/public/lm/lmex10.pfb></usr/share/texm
f/fonts/type1/public/lm/lmmi10.pfb></usr/share/texmf/fonts/type1/public/lm/lmmi
12.pfb></usr/share/texmf/fonts/type1/public/lm/lmmi6.pfb></usr/share/texmf/font
s/type1/public/lm/lmmi8.pfb></usr/share/texmf/fonts/type1/public/lm/lmr10.pfb><
/usr/share/texmf/fonts/type1/public/lm/lmr12.pfb></usr/share/texmf/fonts/type1/
public/lm/lmr6.pfb></usr/share/texmf/fonts/type1/public/lm/lmr7.pfb></usr/share
/texmf/fonts/type1/public/lm/lmr8.pfb></usr/share/texmf/fonts/type1/public/lm/l
mri10.pfb></usr/share/texmf/fonts/type1/public/lm/lmri12.pfb></usr/share/texmf/
fonts/type1/public/lm/lmss10.pfb></usr/share/texmf/fonts/type1/public/lm/lmss12
.pfb></usr/share/texmf/fonts/type1/public/lm/lmss17.pfb></usr/share/texmf/fonts
/type1/public/lm/lmssbx10.pfb></usr/share/texmf/fonts/type1/public/lm/lmsso10.p
fb></usr/share/texmf/fonts/type1/public/lm/lmsso12.pfb></usr/share/texmf/fonts/
type1/public/lm/lmsy10.pfb></usr/share/texmf/fonts/type1/public/lm/lmsy6.pfb></
usr/share/texmf/fonts/type1/public/lm/lmsy8.pfb></usr/share/texmf/fonts/type1/p
ublic/lm/lmtt12.pfb>
Output written on main.pdf (67 pages, 17903447 bytes).
PDF statistics:
 1650 PDF objects out of 1728 (max. 8388607)
 1387 compressed objects within 14 object streams
 325 named destinations out of 1000 (max. 500000)
 35043 words of extra memory for PDF output out of 35830 (max. 10000000)

